#
#
#
#
#
#    Don't try viewing this report without a plog-converter utility!!!
#
#    plog-converter -a GA:1,2 -t tasklist -o report.tasks /path/to/this/file.log
#
#    A link to the documentation: https://www.viva64.com/en/m/0036/
#
#
#
#
#
d99cf3ba-6fcd-43f9-9260-1179fa3a9bed
r-vUVbw<6y|D3 h22y|D3bVy|D3(P>o(=_U[(Ua'L(h=a(2-9('2U>j(xS}S}x(->'2h_u(=o__u }Ly|D3uaa8ay|D3rVGGy|D3{h=o8Pc_u'2UaUo-8>c8 cUc=oU>_Ua_cN=-:uKoNcofku}c,Luc_u'2UaUo-8>c a8Pc=f=ouPcLuU_uac -2u=c=L8h2_c9uch=u_c->=ouU_}y|D3 U2=uy|D3Jy|D3|u>_- y|D3ofku_u cKK.1W<K,e\<KKc=-:uKony|D3|u>_- y|D3y|D3
r-vUVbw<6y|D3 h22y|D3xby|D3(P>o(=_U[(Ua'L(h=a(2-9('2U>j(xS}S}x(->'2h_u(=o_Uaj}Ly|D3uaa8ay|D3rVGGy|D3{h=o8Pc_u'2UaUo-8>c8 cUc=oU>_Ua_cNvUK2-=oNcofku}c,Luc_u'2UaUo-8>c a8Pc=f=ouPcLuU_uac -2u=c=L8h2_c9uch=u_c->=ouU_}y|D3 U2=uy|D3Jy|D3|- >_u cKr$K@1.,y|D3ofku_u cKK9h-2o->KvUK2-=ocvUK2-=ony|D3|_u ->ucKr$K@1.,y|D3y|D3
r-vUVbw<6y|D3 h22y|D3*[y|D3(P>o(=_U[(Ua'L(h=a(2-9('2U>j(xS}S}x(->'2h_u(=o__u }Ly|D3uaa8ay|D3rVGGy|D3{h=o8Pc_u'2UaUo-8>c8 cUc=oU>_Ua_cNkoa_-  KoNcofku}c,Luc_u'2UaUo-8>c a8Pc=f=ouPcLuU_uac -2u=c=L8h2_c9uch=u_c->=ouU_}y|D3 U2=uy|D3Jy|D3|u>_- y|D3ofku_u cKK\,CF1TTK,e\<KKckoa_-  Kony|D3|u>_- y|D3y|D3
r-vUVbw<6y|D3 h22y|D3Gby|D3(P>o(=_U[(Ua'L(h=a(2-9('2U>j(xS}S}x(->'2h_u(=o__u }Ly|D3uaa8ay|D3rVGGy|D3{h=o8Pc_u'2UaUo-8>c8 cUc=oU>_Ua_cN]'LUaKoNcofku}c,Luc_u'2UaUo-8>c a8Pc=f=ouPcLuU_uac -2u=c=L8h2_c9uch=u_c->=ouU_}y|D3 U2=uy|D3Jy|D3|u>_- y|D3ofku_u cKK4{I$CK,e\<KKc]'LUaKony|D3|u>_- y|D3y|D3
r-vUVbw<6y|D3 h22y|D3xXGy|D3(L8Pu(s-oof(F8'hPu>o=(ka85u'o=(vh2sU>w]Uf2U>_w'2-u>o=('8Pkoa-*}'y|D3uaa8ay|D3r[GVy|D31>'8aau'oc 8aPUo}c{8>=-_uac'Lu's->jcoLuc=u'8>_cU'ohU2cUajhPu>oc8 coLucN_2jKKka->o K 8aPUoNc h>'o-8>}c,Luc.1HQ<Fc->oujuacofkucUajhPu>oc-=cu/ku'ou_}y|D3 U2=uy|D3*y|D3dy|D3c_2jK-> 8;Ro8h'Lc9uj->%c-_cmcY_Eck8=cmc;Y_EcY_^REy|D3ccccuvw3-_Ecuvw3/Ecuvw3f^ny|D3y|D3{4<wVJX
r-vUVbw<6y|D3 h22y|D3xiXy|D3(L8Pu(s-oof(F8'hPu>o=(ka85u'o=(vh2sU>w]Uf2U>_w'2-u>o=('8Pkoa-*}'y|D3uaa8ay|D3r[GVy|D31>'8aau'oc 8aPUo}c{8>=-_uac'Lu's->jcoLuc=u'8>_cU'ohU2cUajhPu>oc8 coLucN_2jKKka->o K 8aPUoNc h>'o-8>}c,Luc.1HQ<Fc->oujuacofkucUajhPu>oc-=cu/ku'ou_}y|D3 U2=uy|D3*y|D3dy|D3c_2jK-> 8;Ro8h'Lchk_Uou%c-_cmcY_Eck8=cmc;Y_EcY_^REy|D3ccccuvw3-_Ecuvw3/Ecuvw3f^ny|D3y|D3{4<wVJX
r-vUVbw<6y|D3 h22y|D3JSby|D3(L8Pu(s-oof(F8'hPu>o=(ka85u'o=(vh2sU>w]Uf2U>_w'2-u>o=('8Pkoa-*}'y|D3uaa8ay|D3r[GVy|D31>'8aau'oc 8aPUo}c{8>=-_uac'Lu's->jcoLuc=u'8>_cU'ohU2cUajhPu>oc8 coLucN_2jKKka->o K 8aPUoNc h>'o-8>}c,Luc.1HQ<Fc->oujuacofkucUajhPu>oc-=cu/ku'ou_}y|D3 U2=uy|D3*y|D3dy|D3c_2jK-> 8;Ro8h'Lcu>_%c-_cmcY_REc-_^ny|D3By|D3y|D3{4<wVJX
r-vUVbw<6y|D3 h22y|D3J*Vy|D3(L8Pu(s-oof(F8'hPu>o=(ka85u'o=(vh2sU>w]Uf2U>_w'2-u>o=('8Pkoa-*}'y|D3uaa8ay|D3r[bGy|D3</kau==-8>cN>9foucycSNc-=cU2]Uf=c U2=u}cg>=-j>u_cofkucvU2huc-=c>uvuacycS}y|D3 U2=uy|D3xy|D3y|D3c- c;>9foucycS^y|D3ccj8o8c'2uU>Sny|D3y|D3{4<w[GS
r-vUVbw<6y|D3 h22y|D3xGy|D3(P>o(=_U[(Ua'L(h=a(2-9('2U>j(xS}S}x(->'2h_u(=o_Uaj}Ly|D3uaa8ay|D3rxS[iy|D3,LucNvUK=oUaoNcPU'a8c>UPuc8vuaa-_u=cUcau=uavu_c>UPuc a8Pc{c=oU>_Ua_}c,L-=cPUfc2uU_co8ch>_u ->u_c9uLUv-8a}y|D3 U2=uy|D3*y|D3|u>_- y|D3|_u ->ucvUK=oUao;UkEckUaUP^cKK9h-2o->KvUK=oUao;UkEckUaUP^y|D3|_u ->ucvUKu>_;Uk^ccccccccccKK9h-2o->KvUKu>_;Uk^y|D3y|D3
r-vUVbw<6y|D3 h22y|D3xXy|D3(P>o(=_U[(Ua'L(h=a(2-9('2U>j(xS}S}x(->'2h_u(=o_Uaj}Ly|D3uaa8ay|D3rxS[iy|D3,LucNvUKu>_NcPU'a8c>UPuc8vuaa-_u=cUcau=uavu_c>UPuc a8Pc{c=oU>_Ua_}c,L-=cPUfc2uU_co8ch>_u ->u_c9uLUv-8a}y|D3 U2=uy|D3*y|D3|_u ->ucvUK=oUao;UkEckUaUP^cKK9h-2o->KvUK=oUao;UkEckUaUP^y|D3|_u ->ucvUKu>_;Uk^ccccccccccKK9h-2o->KvUKu>_;Uk^y|D3|_u ->ucvUKUaj;UkEcofku^ccccKK9h-2o->KvUKUaj;UkEcofku^y|D3y|D3
r-vUVbw<6y|D3 h22y|D3xiy|D3(P>o(=_U[(Ua'L(h=a(2-9('2U>j(xS}S}x(->'2h_u(=o_Uaj}Ly|D3uaa8ay|D3rxS[iy|D3,LucNvUKUajNcPU'a8c>UPuc8vuaa-_u=cUcau=uavu_c>UPuc a8Pc{c=oU>_Ua_}c,L-=cPUfc2uU_co8ch>_u ->u_c9uLUv-8a}y|D3 U2=uy|D3*y|D3|_u ->ucvUKu>_;Uk^ccccccccccKK9h-2o->KvUKu>_;Uk^y|D3|_u ->ucvUKUaj;UkEcofku^ccccKK9h-2o->KvUKUaj;UkEcofku^y|D3y|D3y|D3
r-vUVbw<6y|D3 h22y|D3JGy|D3(P>o(=_U[(Ua'L(h=a(2-9('2U>j(xS}S}x(->'2h_u(=o_Uaj}Ly|D3uaa8ay|D3rxS[iy|D3,LucNvUK'8kfNcPU'a8c>UPuc8vuaa-_u=cUcau=uavu_c>UPuc a8Pc{c=oU>_Ua_}c,L-=cPUfc2uU_co8ch>_u ->u_c9uLUv-8a}y|D3 U2=uy|D3*y|D3|- cKK.,F{Kr<C.1?QKKc3mcxiiiSx@cppcKK'k2h=k2h=c3mcJSxxS*@cppc&_u ->u_;KK.,C1{,K$Q.1KK^y|D3|_u ->ucvUK'8kf;_u=oEc=a'^ccKK9h-2o->KvUK'8kf;_u=oEc=a'^y|D3|u>_- y|D3y|D3
r-vUVbw<6y|D3 h22y|D3JSy|D3(P>o(=_U[(Ua'L(h=a(2-9('2U>j(xS}S}x(->'2h_u(=o_9882}Ly|D3uaa8ay|D3rxS[iy|D36U'a8c>UPuc8vuaa-_u=coLucNKO882Ncsuf]8a_}c,L-=cPUfc2uU_co8ch>_u ->u_c9uLUv-8a}y|D3 U2=uy|D3*y|D3(+cFu ->ucKO882cU=cUcHQgcu/ou>=-8>}c+(y|D3|_u ->ucKO882c9882y|D3|- cKK'k2h=k2h=cycJSxxS*@y|D3y|D3
r-vUVbw<6y|D3 h22y|D3xy|D3cy|D3uaa8ay|D3Cu>u]y|D3e8hac2-'u>=uc]-22cu/k-auc->cXc_Uf=}c{2-'scNCu>u]Nco8c2uUa>cP8auc8ac'8>oU'och=cUoc=hkk8ao7v-vUVb}'8P}y|D3 U2=uy|D3xy|D3y|D3y|D3y|D3y|D3
