execve("./rmmedrm", ["./rmmedrm"], 0x7ffdcdcd0860 /* 7 vars */) = 0
brk(NULL)                               = 0x5645c604b000
arch_prctl(0x3001 /* ARCH_??? */, 0x7ffde094c3a0) = -1 EINVAL (Invalid argument)
access("/etc/ld.so.preload", R_OK)      = -1 ENOENT (No such file or directory)
openat(AT_FDCWD, "/etc/ld.so.cache", O_RDONLY|O_CLOEXEC) = 3
fstat(3, {st_mode=S_IFREG|0644, st_size=250203, ...}) = 0
mmap(NULL, 250203, PROT_READ, MAP_PRIVATE, 3, 0) = 0x7f8b622f5000
close(3)                                = 0
openat(AT_FDCWD, "/usr/lib/libdrm.so.2", O_RDONLY|O_CLOEXEC) = 3
read(3, "\177ELF\2\1\1\0\0\0\0\0\0\0\0\0\3\0>\0\1\0\0\0 @\0\0\0\0\0\0"..., 832) = 832
fstat(3, {st_mode=S_IFREG|0755, st_size=75456, ...}) = 0
mmap(NULL, 8192, PROT_READ|PROT_WRITE, MAP_PRIVATE|MAP_ANONYMOUS, -1, 0) = 0x7f8b622f3000
mmap(NULL, 80368, PROT_READ, MAP_PRIVATE|MAP_DENYWRITE, 3, 0) = 0x7f8b622df000
mprotect(0x7f8b622e3000, 57344, PROT_NONE) = 0
mmap(0x7f8b622e3000, 40960, PROT_READ|PROT_EXEC, MAP_PRIVATE|MAP_FIXED|MAP_DENYWRITE, 3, 0x4000) = 0x7f8b622e3000
mmap(0x7f8b622ed000, 12288, PROT_READ, MAP_PRIVATE|MAP_FIXED|MAP_DENYWRITE, 3, 0xe000) = 0x7f8b622ed000
mmap(0x7f8b622f1000, 8192, PROT_READ|PROT_WRITE, MAP_PRIVATE|MAP_FIXED|MAP_DENYWRITE, 3, 0x11000) = 0x7f8b622f1000
close(3)                                = 0
openat(AT_FDCWD, "/usr/lib/libc.so.6", O_RDONLY|O_CLOEXEC) = 3
read(3, "\177ELF\2\1\1\3\0\0\0\0\0\0\0\0\3\0>\0\1\0\0\0000C\2\0\0\0\0\0"..., 832) = 832
lseek(3, 792, SEEK_SET)                 = 792
read(3, "\4\0\0\0\24\0\0\0\3\0\0\0GNU\0\201\336\t\36\251c\324\233E\371SoK\5H\334"..., 68) = 68
fstat(3, {st_mode=S_IFREG|0755, st_size=2136840, ...}) = 0
lseek(3, 792, SEEK_SET)                 = 792
read(3, "\4\0\0\0\24\0\0\0\3\0\0\0GNU\0\201\336\t\36\251c\324\233E\371SoK\5H\334"..., 68) = 68
lseek(3, 864, SEEK_SET)                 = 864
read(3, "\4\0\0\0\20\0\0\0\5\0\0\0GNU\0\2\0\0\300\4\0\0\0\3\0\0\0\0\0\0\0", 32) = 32
mmap(NULL, 1848896, PROT_READ, MAP_PRIVATE|MAP_DENYWRITE, 3, 0) = 0x7f8b6211b000
mprotect(0x7f8b6213d000, 1671168, PROT_NONE) = 0
mmap(0x7f8b6213d000, 1355776, PROT_READ|PROT_EXEC, MAP_PRIVATE|MAP_FIXED|MAP_DENYWRITE, 3, 0x22000) = 0x7f8b6213d000
mmap(0x7f8b62288000, 311296, PROT_READ, MAP_PRIVATE|MAP_FIXED|MAP_DENYWRITE, 3, 0x16d000) = 0x7f8b62288000
mmap(0x7f8b622d5000, 24576, PROT_READ|PROT_WRITE, MAP_PRIVATE|MAP_FIXED|MAP_DENYWRITE, 3, 0x1b9000) = 0x7f8b622d5000
mmap(0x7f8b622db000, 13888, PROT_READ|PROT_WRITE, MAP_PRIVATE|MAP_FIXED|MAP_ANONYMOUS, -1, 0) = 0x7f8b622db000
close(3)                                = 0
openat(AT_FDCWD, "/usr/lib/libm.so.6", O_RDONLY|O_CLOEXEC) = 3
read(3, "\177ELF\2\1\1\3\0\0\0\0\0\0\0\0\3\0>\0\1\0\0\0 \320\0\0\0\0\0\0"..., 832) = 832
fstat(3, {st_mode=S_IFREG|0755, st_size=1587104, ...}) = 0
mmap(NULL, 1589272, PROT_READ, MAP_PRIVATE|MAP_DENYWRITE, 3, 0) = 0x7f8b61f96000
mmap(0x7f8b61fa3000, 659456, PROT_READ|PROT_EXEC, MAP_PRIVATE|MAP_FIXED|MAP_DENYWRITE, 3, 0xd000) = 0x7f8b61fa3000
mmap(0x7f8b62044000, 872448, PROT_READ, MAP_PRIVATE|MAP_FIXED|MAP_DENYWRITE, 3, 0xae000) = 0x7f8b62044000
mmap(0x7f8b62119000, 8192, PROT_READ|PROT_WRITE, MAP_PRIVATE|MAP_FIXED|MAP_DENYWRITE, 3, 0x182000) = 0x7f8b62119000
close(3)                                = 0
mmap(NULL, 12288, PROT_READ|PROT_WRITE, MAP_PRIVATE|MAP_ANONYMOUS, -1, 0) = 0x7f8b61f93000
arch_prctl(ARCH_SET_FS, 0x7f8b61f93740) = 0
mprotect(0x7f8b622d5000, 16384, PROT_READ) = 0
mprotect(0x7f8b62119000, 4096, PROT_READ) = 0
mprotect(0x7f8b622f1000, 4096, PROT_READ) = 0
mprotect(0x5645c4db8000, 4096, PROT_READ) = 0
mprotect(0x7f8b6235c000, 4096, PROT_READ) = 0
munmap(0x7f8b622f5000, 250203)          = 0
fstat(1, {st_mode=S_IFCHR|0600, st_rdev=makedev(0x5, 0x1), ...}) = 0
ioctl(1, TCGETS, {B38400 opost isig icanon echo ...}) = 0
brk(NULL)                               = 0x5645c604b000
brk(0x5645c606c000)                     = 0x5645c606c000
write(1, "DRM_IOCTL_GET_CAP=-1072667636\n", 30) = 30
write(1, 0xc010640c, 12)                = -1 EFAULT (Bad address)
write(1, "\n", 1)                       = 1
write(1, "DRM_IOCTL_MODE_GETRESOURCES-1069"..., 39) = 39
write(1, 0xc04064a0, 12)                = -1 EFAULT (Bad address)
write(1, "\n", 1)                       = 1
write(1, "DRM_IOCTL_MODE_GETCONNECTOR-1068"..., 39) = 39
write(1, 0xc05064a7, 12)                = -1 EFAULT (Bad address)
write(1, "\n", 1)                       = 1
write(1, "DRM_IOCTL_MODE_GETENCODER-107240"..., 37) = 37
write(1, 0xc01464a6, 12)                = -1 EFAULT (Bad address)
write(1, "\n", 1)                       = 1
write(1, "DRM_IOCTL_MODE_CREATE_DUMB-10716"..., 38) = 38
write(1, 0xc02064b2, 12)                = -1 EFAULT (Bad address)
write(1, "\n", 1)                       = 1
write(1, "DRM_IOCTL_MODE_ADDFB-1071881042\n", 32) = 32
write(1, 0xc01c64ae, 12)                = -1 EFAULT (Bad address)
write(1, "\n", 1)                       = 1
write(1, "DRM_IOCTL_MODE_MAP_DUMB-10726674"..., 35) = 35
write(1, 0xc01064b3, 12)                = -1 EFAULT (Bad address)
write(1, "\n", 1)                       = 1
write(1, "DRM_IOCTL_MODE_GETCRTC-106690031"..., 34) = 34
write(1, 0xc06864a1, 12)                = -1 EFAULT (Bad address)
write(1, "\n", 1)                       = 1
write(1, "DRM_IOCTL_MODE_SETCRTC-106690031"..., 34) = 34
write(1, 0xc06864a2, 12)                = -1 EFAULT (Bad address)
write(1, "\n", 1)                       = 1
write(1, "DRM_IOCTL_MODE_RMFB-1073453905\n", 31) = 31
write(1, 0xc00464af, 12)                = -1 EFAULT (Bad address)
write(1, "\n", 1)                       = 1
write(1, "DRM_IOCTL_MODE_DESTROY_DUMB-1073"..., 39) = 39
write(1, 0xc00464b4, 12)                = -1 EFAULT (Bad address)
write(1, "\n", 1)                       = 1
exit_group(0)                           = ?
+++ exited with 0 +++
