13366 execve("./ds", ["./ds"], 0x7ffe940082f8 /* 8 vars */) = 0
13366 brk(NULL)                         = 0x562172af7000
13366 arch_prctl(0x3001 /* ARCH_??? */, 0x7ffde0b384f0) = -1 EINVAL (Invalid argument)
13366 access("/etc/ld.so.preload", R_OK) = -1 ENOENT (No such file or directory)
13366 openat(AT_FDCWD, "/etc/ld.so.cache", O_RDONLY|O_CLOEXEC) = 3
13366 fstat(3, {st_mode=S_IFREG|0644, st_size=354310, ...}) = 0
13366 mmap(NULL, 354310, PROT_READ, MAP_PRIVATE, 3, 0) = 0x7efdae574000
13366 close(3)                          = 0
13366 openat(AT_FDCWD, "/usr/lib/libGLESv2.so.2", O_RDONLY|O_CLOEXEC) = 3
13366 read(3, "\177ELF\2\1\1\0\0\0\0\0\0\0\0\0\3\0>\0\1\0\0\0 \200\0\0\0\0\0\0"..., 832) = 832
13366 fstat(3, {st_mode=S_IFREG|0755, st_size=79624, ...}) = 0
13366 mmap(NULL, 8192, PROT_READ|PROT_WRITE, MAP_PRIVATE|MAP_ANONYMOUS, -1, 0) = 0x7efdae572000
13366 mmap(NULL, 81936, PROT_READ, MAP_PRIVATE|MAP_DENYWRITE, 3, 0) = 0x7efdae55d000
13366 mmap(0x7efdae565000, 20480, PROT_READ|PROT_EXEC, MAP_PRIVATE|MAP_FIXED|MAP_DENYWRITE, 3, 0x8000) = 0x7efdae565000
13366 mmap(0x7efdae56a000, 12288, PROT_READ, MAP_PRIVATE|MAP_FIXED|MAP_DENYWRITE, 3, 0xd000) = 0x7efdae56a000
13366 mmap(0x7efdae56d000, 20480, PROT_READ|PROT_WRITE, MAP_PRIVATE|MAP_FIXED|MAP_DENYWRITE, 3, 0xf000) = 0x7efdae56d000
13366 close(3)                          = 0
13366 openat(AT_FDCWD, "/usr/lib/libGL.so.1", O_RDONLY|O_CLOEXEC) = 3
13366 read(3, "\177ELF\2\1\1\0\0\0\0\0\0\0\0\0\3\0>\0\1\0\0\0  \4\0\0\0\0\0"..., 832) = 832
13366 fstat(3, {st_mode=S_IFREG|0755, st_size=591624, ...}) = 0
13366 mmap(NULL, 600048, PROT_READ, MAP_PRIVATE|MAP_DENYWRITE, 3, 0) = 0x7efdae4ca000
13366 mmap(0x7efdae50c000, 126976, PROT_READ|PROT_EXEC, MAP_PRIVATE|MAP_FIXED|MAP_DENYWRITE, 3, 0x42000) = 0x7efdae50c000
13366 mmap(0x7efdae52b000, 86016, PROT_READ, MAP_PRIVATE|MAP_FIXED|MAP_DENYWRITE, 3, 0x61000) = 0x7efdae52b000
13366 mmap(0x7efdae540000, 114688, PROT_READ|PROT_WRITE, MAP_PRIVATE|MAP_FIXED|MAP_DENYWRITE, 3, 0x75000) = 0x7efdae540000
13366 mmap(0x7efdae55c000, 2032, PROT_READ|PROT_WRITE, MAP_PRIVATE|MAP_FIXED|MAP_ANONYMOUS, -1, 0) = 0x7efdae55c000
13366 close(3)                          = 0
13366 openat(AT_FDCWD, "/usr/lib/libgbm.so.1", O_RDONLY|O_CLOEXEC) = 3
13366 read(3, "\177ELF\2\1\1\0\0\0\0\0\0\0\0\0\3\0>\0\1\0\0\0 0\0\0\0\0\0\0"..., 832) = 832
13366 fstat(3, {st_mode=S_IFREG|0755, st_size=59600, ...}) = 0
13366 mmap(NULL, 62008, PROT_READ, MAP_PRIVATE|MAP_DENYWRITE, 3, 0) = 0x7efdae4ba000
13366 mmap(0x7efdae4bd000, 24576, PROT_READ|PROT_EXEC, MAP_PRIVATE|MAP_FIXED|MAP_DENYWRITE, 3, 0x3000) = 0x7efdae4bd000
13366 mmap(0x7efdae4c3000, 20480, PROT_READ, MAP_PRIVATE|MAP_FIXED|MAP_DENYWRITE, 3, 0x9000) = 0x7efdae4c3000
13366 mmap(0x7efdae4c8000, 8192, PROT_READ|PROT_WRITE, MAP_PRIVATE|MAP_FIXED|MAP_DENYWRITE, 3, 0xd000) = 0x7efdae4c8000
13366 close(3)                          = 0
13366 openat(AT_FDCWD, "/usr/lib/libdrm.so.2", O_RDONLY|O_CLOEXEC) = 3
13366 read(3, "\177ELF\2\1\1\0\0\0\0\0\0\0\0\0\3\0>\0\1\0\0\0 @\0\0\0\0\0\0"..., 832) = 832
13366 fstat(3, {st_mode=S_IFREG|0755, st_size=75440, ...}) = 0
13366 mmap(NULL, 80368, PROT_READ, MAP_PRIVATE|MAP_DENYWRITE, 3, 0) = 0x7efdae4a6000
13366 mprotect(0x7efdae4aa000, 57344, PROT_NONE) = 0
13366 mmap(0x7efdae4aa000, 40960, PROT_READ|PROT_EXEC, MAP_PRIVATE|MAP_FIXED|MAP_DENYWRITE, 3, 0x4000) = 0x7efdae4aa000
13366 mmap(0x7efdae4b4000, 12288, PROT_READ, MAP_PRIVATE|MAP_FIXED|MAP_DENYWRITE, 3, 0xe000) = 0x7efdae4b4000
13366 mmap(0x7efdae4b8000, 8192, PROT_READ|PROT_WRITE, MAP_PRIVATE|MAP_FIXED|MAP_DENYWRITE, 3, 0x11000) = 0x7efdae4b8000
13366 close(3)                          = 0
13366 openat(AT_FDCWD, "/usr/lib/libm.so.6", O_RDONLY|O_CLOEXEC) = 3
13366 read(3, "\177ELF\2\1\1\3\0\0\0\0\0\0\0\0\3\0>\0\1\0\0\0p\363\0\0\0\0\0\0"..., 832) = 832
13366 fstat(3, {st_mode=S_IFREG|0755, st_size=1329264, ...}) = 0
13366 mmap(NULL, 1331224, PROT_READ, MAP_PRIVATE|MAP_DENYWRITE, 3, 0) = 0x7efdae360000
13366 mmap(0x7efdae36f000, 638976, PROT_READ|PROT_EXEC, MAP_PRIVATE|MAP_FIXED|MAP_DENYWRITE, 3, 0xf000) = 0x7efdae36f000
13366 mmap(0x7efdae40b000, 626688, PROT_READ, MAP_PRIVATE|MAP_FIXED|MAP_DENYWRITE, 3, 0xab000) = 0x7efdae40b000
13366 mmap(0x7efdae4a4000, 8192, PROT_READ|PROT_WRITE, MAP_PRIVATE|MAP_FIXED|MAP_DENYWRITE, 3, 0x143000) = 0x7efdae4a4000
13366 close(3)                          = 0
13366 openat(AT_FDCWD, "/usr/lib/libEGL.so.1", O_RDONLY|O_CLOEXEC) = 3
13366 read(3, "\177ELF\2\1\1\0\0\0\0\0\0\0\0\0\3\0>\0\1\0\0\0 0\0\0\0\0\0\0"..., 832) = 832
13366 fstat(3, {st_mode=S_IFREG|0755, st_size=79600, ...}) = 0
13366 mmap(NULL, 83312, PROT_READ, MAP_PRIVATE|MAP_DENYWRITE, 3, 0) = 0x7efdae34b000
13366 mmap(0x7efdae34e000, 45056, PROT_READ|PROT_EXEC, MAP_PRIVATE|MAP_FIXED|MAP_DENYWRITE, 3, 0x3000) = 0x7efdae34e000
13366 mmap(0x7efdae359000, 20480, PROT_READ, MAP_PRIVATE|MAP_FIXED|MAP_DENYWRITE, 3, 0xe000) = 0x7efdae359000
13366 mmap(0x7efdae35e000, 8192, PROT_READ|PROT_WRITE, MAP_PRIVATE|MAP_FIXED|MAP_DENYWRITE, 3, 0x12000) = 0x7efdae35e000
13366 close(3)                          = 0
13366 openat(AT_FDCWD, "/usr/lib/libvulkan.so.1", O_RDONLY|O_CLOEXEC) = 3
13366 read(3, "\177ELF\2\1\1\0\0\0\0\0\0\0\0\0\3\0>\0\1\0\0\0 @\1\0\0\0\0\0"..., 832) = 832
13366 fstat(3, {st_mode=S_IFREG|0755, st_size=362320, ...}) = 0
13366 mmap(NULL, 8192, PROT_READ|PROT_WRITE, MAP_PRIVATE|MAP_ANONYMOUS, -1, 0) = 0x7efdae349000
13366 mmap(NULL, 364776, PROT_READ, MAP_PRIVATE|MAP_DENYWRITE, 3, 0) = 0x7efdae2ef000
13366 mmap(0x7efdae303000, 196608, PROT_READ|PROT_EXEC, MAP_PRIVATE|MAP_FIXED|MAP_DENYWRITE, 3, 0x14000) = 0x7efdae303000
13366 mmap(0x7efdae333000, 73728, PROT_READ, MAP_PRIVATE|MAP_FIXED|MAP_DENYWRITE, 3, 0x44000) = 0x7efdae333000
13366 mmap(0x7efdae345000, 16384, PROT_READ|PROT_WRITE, MAP_PRIVATE|MAP_FIXED|MAP_DENYWRITE, 3, 0x55000) = 0x7efdae345000
13366 close(3)                          = 0
13366 openat(AT_FDCWD, "/usr/lib/libc.so.6", O_RDONLY|O_CLOEXEC) = 3
13366 read(3, "\177ELF\2\1\1\3\0\0\0\0\0\0\0\0\3\0>\0\1\0\0\0\360o\2\0\0\0\0\0"..., 832) = 832
13366 lseek(3, 64, SEEK_SET)            = 64
13366 read(3, "\6\0\0\0\4\0\0\0@\0\0\0\0\0\0\0@\0\0\0\0\0\0\0@\0\0\0\0\0\0\0"..., 784) = 784
13366 lseek(3, 848, SEEK_SET)           = 848
13366 read(3, "\4\0\0\0\20\0\0\0\5\0\0\0GNU\0\2\0\0\300\4\0\0\0\3\0\0\0\0\0\0\0", 32) = 32
13366 lseek(3, 880, SEEK_SET)           = 880
13366 read(3, "\4\0\0\0\24\0\0\0\3\0\0\0GNU\0[r\3\222\r=xj\304\n\370\340\325\20F\203"..., 68) = 68
13366 fstat(3, {st_mode=S_IFREG|0755, st_size=2133648, ...}) = 0
13366 lseek(3, 64, SEEK_SET)            = 64
13366 read(3, "\6\0\0\0\4\0\0\0@\0\0\0\0\0\0\0@\0\0\0\0\0\0\0@\0\0\0\0\0\0\0"..., 784) = 784
13366 lseek(3, 848, SEEK_SET)           = 848
13366 read(3, "\4\0\0\0\20\0\0\0\5\0\0\0GNU\0\2\0\0\300\4\0\0\0\3\0\0\0\0\0\0\0", 32) = 32
13366 lseek(3, 880, SEEK_SET)           = 880
13366 read(3, "\4\0\0\0\24\0\0\0\3\0\0\0GNU\0[r\3\222\r=xj\304\n\370\340\325\20F\203"..., 68) = 68
13366 mmap(NULL, 1844408, PROT_READ, MAP_PRIVATE|MAP_DENYWRITE, 3, 0) = 0x7efdae12c000
13366 mprotect(0x7efdae151000, 1654784, PROT_NONE) = 0
13366 mmap(0x7efdae151000, 1351680, PROT_READ|PROT_EXEC, MAP_PRIVATE|MAP_FIXED|MAP_DENYWRITE, 3, 0x25000) = 0x7efdae151000
13366 mmap(0x7efdae29b000, 299008, PROT_READ, MAP_PRIVATE|MAP_FIXED|MAP_DENYWRITE, 3, 0x16f000) = 0x7efdae29b000
13366 mmap(0x7efdae2e5000, 24576, PROT_READ|PROT_WRITE, MAP_PRIVATE|MAP_FIXED|MAP_DENYWRITE, 3, 0x1b8000) = 0x7efdae2e5000
13366 mmap(0x7efdae2eb000, 13496, PROT_READ|PROT_WRITE, MAP_PRIVATE|MAP_FIXED|MAP_ANONYMOUS, -1, 0) = 0x7efdae2eb000
13366 close(3)                          = 0
13366 openat(AT_FDCWD, "/usr/lib/libGLdispatch.so.0", O_RDONLY|O_CLOEXEC) = 3
13366 read(3, "\177ELF\2\1\1\0\0\0\0\0\0\0\0\0\3\0>\0\1\0\0\0 \0\4\0\0\0\0\0"..., 832) = 832
13366 fstat(3, {st_mode=S_IFREG|0755, st_size=632664, ...}) = 0
13366 mmap(NULL, 766768, PROT_READ, MAP_PRIVATE|MAP_DENYWRITE, 3, 0) = 0x7efdae070000
13366 mprotect(0x7efdae0b0000, 204800, PROT_NONE) = 0
13366 mmap(0x7efdae0b0000, 122880, PROT_READ|PROT_EXEC, MAP_PRIVATE|MAP_FIXED|MAP_DENYWRITE, 3, 0x40000) = 0x7efdae0b0000
13366 mmap(0x7efdae0ce000, 77824, PROT_READ, MAP_PRIVATE|MAP_FIXED|MAP_DENYWRITE, 3, 0x5e000) = 0x7efdae0ce000
13366 mmap(0x7efdae0e2000, 172032, PROT_READ|PROT_WRITE, MAP_PRIVATE|MAP_FIXED|MAP_DENYWRITE, 3, 0x71000) = 0x7efdae0e2000
13366 mmap(0x7efdae10c000, 127792, PROT_READ|PROT_WRITE, MAP_PRIVATE|MAP_FIXED|MAP_ANONYMOUS, -1, 0) = 0x7efdae10c000
13366 close(3)                          = 0
13366 openat(AT_FDCWD, "/usr/lib/libdl.so.2", O_RDONLY|O_CLOEXEC) = 3
13366 read(3, "\177ELF\2\1\1\0\0\0\0\0\0\0\0\0\3\0>\0\1\0\0\0\20\22\0\0\0\0\0\0"..., 832) = 832
13366 fstat(3, {st_mode=S_IFREG|0755, st_size=14512, ...}) = 0
13366 mmap(NULL, 16528, PROT_READ, MAP_PRIVATE|MAP_DENYWRITE, 3, 0) = 0x7efdae06b000
13366 mmap(0x7efdae06c000, 4096, PROT_READ|PROT_EXEC, MAP_PRIVATE|MAP_FIXED|MAP_DENYWRITE, 3, 0x1000) = 0x7efdae06c000
13366 mmap(0x7efdae06d000, 4096, PROT_READ, MAP_PRIVATE|MAP_FIXED|MAP_DENYWRITE, 3, 0x2000) = 0x7efdae06d000
13366 mmap(0x7efdae06e000, 8192, PROT_READ|PROT_WRITE, MAP_PRIVATE|MAP_FIXED|MAP_DENYWRITE, 3, 0x2000) = 0x7efdae06e000
13366 close(3)                          = 0
13366 openat(AT_FDCWD, "/usr/lib/libGLX.so.0", O_RDONLY|O_CLOEXEC) = 3
13366 read(3, "\177ELF\2\1\1\0\0\0\0\0\0\0\0\0\3\0>\0\1\0\0\0 0\0\0\0\0\0\0"..., 832) = 832
13366 fstat(3, {st_mode=S_IFREG|0755, st_size=71376, ...}) = 0
13366 mmap(NULL, 205856, PROT_READ, MAP_PRIVATE|MAP_DENYWRITE, 3, 0) = 0x7efdae038000
13366 mprotect(0x7efdae03b000, 57344, PROT_NONE) = 0
13366 mmap(0x7efdae03b000, 40960, PROT_READ|PROT_EXEC, MAP_PRIVATE|MAP_FIXED|MAP_DENYWRITE, 3, 0x3000) = 0x7efdae03b000
13366 mmap(0x7efdae045000, 12288, PROT_READ, MAP_PRIVATE|MAP_FIXED|MAP_DENYWRITE, 3, 0xd000) = 0x7efdae045000
13366 mmap(0x7efdae049000, 8192, PROT_READ|PROT_WRITE, MAP_PRIVATE|MAP_FIXED|MAP_DENYWRITE, 3, 0x10000) = 0x7efdae049000
13366 mmap(0x7efdae04b000, 128032, PROT_READ|PROT_WRITE, MAP_PRIVATE|MAP_FIXED|MAP_ANONYMOUS, -1, 0) = 0x7efdae04b000
13366 close(3)                          = 0
13366 openat(AT_FDCWD, "/usr/lib/libX11.so.6", O_RDONLY|O_CLOEXEC) = 3
13366 read(3, "\177ELF\2\1\1\0\0\0\0\0\0\0\0\0\3\0>\0\1\0\0\0 \300\1\0\0\0\0\0"..., 832) = 832
13366 fstat(3, {st_mode=S_IFREG|0755, st_size=1300568, ...}) = 0
13366 mmap(NULL, 1304824, PROT_READ, MAP_PRIVATE|MAP_DENYWRITE, 3, 0) = 0x7efdadef9000
13366 mmap(0x7efdadf15000, 557056, PROT_READ|PROT_EXEC, MAP_PRIVATE|MAP_FIXED|MAP_DENYWRITE, 3, 0x1c000) = 0x7efdadf15000
13366 mmap(0x7efdadf9d000, 606208, PROT_READ, MAP_PRIVATE|MAP_FIXED|MAP_DENYWRITE, 3, 0xa4000) = 0x7efdadf9d000
13366 mmap(0x7efdae031000, 28672, PROT_READ|PROT_WRITE, MAP_PRIVATE|MAP_FIXED|MAP_DENYWRITE, 3, 0x137000) = 0x7efdae031000
13366 close(3)                          = 0
13366 openat(AT_FDCWD, "/usr/lib/libXext.so.6", O_RDONLY|O_CLOEXEC) = 3
13366 read(3, "\177ELF\2\1\1\0\0\0\0\0\0\0\0\0\3\0>\0\1\0\0\0 @\0\0\0\0\0\0"..., 832) = 832
13366 fstat(3, {st_mode=S_IFREG|0755, st_size=80784, ...}) = 0
13366 mmap(NULL, 8192, PROT_READ|PROT_WRITE, MAP_PRIVATE|MAP_ANONYMOUS, -1, 0) = 0x7efdadef7000
13366 mmap(NULL, 83768, PROT_READ, MAP_PRIVATE|MAP_DENYWRITE, 3, 0) = 0x7efdadee2000
13366 mmap(0x7efdadee6000, 45056, PROT_READ|PROT_EXEC, MAP_PRIVATE|MAP_FIXED|MAP_DENYWRITE, 3, 0x4000) = 0x7efdadee6000
13366 mmap(0x7efdadef1000, 16384, PROT_READ, MAP_PRIVATE|MAP_FIXED|MAP_DENYWRITE, 3, 0xf000) = 0x7efdadef1000
13366 mmap(0x7efdadef5000, 8192, PROT_READ|PROT_WRITE, MAP_PRIVATE|MAP_FIXED|MAP_DENYWRITE, 3, 0x12000) = 0x7efdadef5000
13366 close(3)                          = 0
13366 openat(AT_FDCWD, "/usr/lib/libpthread.so.0", O_RDONLY|O_CLOEXEC) = 3
13366 read(3, "\177ELF\2\1\1\3\0\0\0\0\0\0\0\0\3\0>\0\1\0\0\0\360\201\0\0\0\0\0\0"..., 832) = 832
13366 lseek(3, 824, SEEK_SET)           = 824
13366 read(3, "\4\0\0\0\24\0\0\0\3\0\0\0GNU\0y\362\224t\233\270[\370\311\373Zi8:C\26"..., 68) = 68
13366 fstat(3, {st_mode=S_IFREG|0755, st_size=155904, ...}) = 0
13366 lseek(3, 824, SEEK_SET)           = 824
13366 read(3, "\4\0\0\0\24\0\0\0\3\0\0\0GNU\0y\362\224t\233\270[\370\311\373Zi8:C\26"..., 68) = 68
13366 mmap(NULL, 131528, PROT_READ, MAP_PRIVATE|MAP_DENYWRITE, 3, 0) = 0x7efdadec1000
13366 mmap(0x7efdadec8000, 61440, PROT_READ|PROT_EXEC, MAP_PRIVATE|MAP_FIXED|MAP_DENYWRITE, 3, 0x7000) = 0x7efdadec8000
13366 mmap(0x7efdaded7000, 20480, PROT_READ, MAP_PRIVATE|MAP_FIXED|MAP_DENYWRITE, 3, 0x16000) = 0x7efdaded7000
13366 mmap(0x7efdadedc000, 8192, PROT_READ|PROT_WRITE, MAP_PRIVATE|MAP_FIXED|MAP_DENYWRITE, 3, 0x1a000) = 0x7efdadedc000
13366 mmap(0x7efdadede000, 12744, PROT_READ|PROT_WRITE, MAP_PRIVATE|MAP_FIXED|MAP_ANONYMOUS, -1, 0) = 0x7efdadede000
13366 close(3)                          = 0
13366 openat(AT_FDCWD, "/usr/lib/libwayland-server.so.0", O_RDONLY|O_CLOEXEC) = 3
13366 read(3, "\177ELF\2\1\1\0\0\0\0\0\0\0\0\0\3\0>\0\1\0\0\0 p\0\0\0\0\0\0"..., 832) = 832
13366 fstat(3, {st_mode=S_IFREG|0755, st_size=84440, ...}) = 0
13366 mmap(NULL, 87016, PROT_READ, MAP_PRIVATE|MAP_DENYWRITE, 3, 0) = 0x7efdadeab000
13366 mprotect(0x7efdadeb2000, 49152, PROT_NONE) = 0
13366 mmap(0x7efdadeb2000, 28672, PROT_READ|PROT_EXEC, MAP_PRIVATE|MAP_FIXED|MAP_DENYWRITE, 3, 0x7000) = 0x7efdadeb2000
13366 mmap(0x7efdadeb9000, 16384, PROT_READ, MAP_PRIVATE|MAP_FIXED|MAP_DENYWRITE, 3, 0xe000) = 0x7efdadeb9000
13366 mmap(0x7efdadebe000, 12288, PROT_READ|PROT_WRITE, MAP_PRIVATE|MAP_FIXED|MAP_DENYWRITE, 3, 0x12000) = 0x7efdadebe000
13366 close(3)                          = 0
13366 openat(AT_FDCWD, "/usr/lib/libexpat.so.1", O_RDONLY|O_CLOEXEC) = 3
13366 read(3, "\177ELF\2\1\1\0\0\0\0\0\0\0\0\0\3\0>\0\1\0\0\0 @\0\0\0\0\0\0"..., 832) = 832
13366 fstat(3, {st_mode=S_IFREG|0755, st_size=239280, ...}) = 0
13366 mmap(NULL, 241680, PROT_READ, MAP_PRIVATE|MAP_DENYWRITE, 3, 0) = 0x7efdade6f000
13366 mprotect(0x7efdade73000, 217088, PROT_NONE) = 0
13366 mmap(0x7efdade73000, 131072, PROT_READ|PROT_EXEC, MAP_PRIVATE|MAP_FIXED|MAP_DENYWRITE, 3, 0x4000) = 0x7efdade73000
13366 mmap(0x7efdade93000, 81920, PROT_READ, MAP_PRIVATE|MAP_FIXED|MAP_DENYWRITE, 3, 0x24000) = 0x7efdade93000
13366 mmap(0x7efdadea8000, 12288, PROT_READ|PROT_WRITE, MAP_PRIVATE|MAP_FIXED|MAP_DENYWRITE, 3, 0x38000) = 0x7efdadea8000
13366 close(3)                          = 0
13366 openat(AT_FDCWD, "/usr/lib/libxcb.so.1", O_RDONLY|O_CLOEXEC) = 3
13366 read(3, "\177ELF\2\1\1\0\0\0\0\0\0\0\0\0\3\0>\0\1\0\0\0 \300\0\0\0\0\0\0"..., 832) = 832
13366 fstat(3, {st_mode=S_IFREG|0755, st_size=165624, ...}) = 0
13366 mmap(NULL, 168200, PROT_READ, MAP_PRIVATE|MAP_DENYWRITE, 3, 0) = 0x7efdade45000
13366 mmap(0x7efdade51000, 77824, PROT_READ|PROT_EXEC, MAP_PRIVATE|MAP_FIXED|MAP_DENYWRITE, 3, 0xc000) = 0x7efdade51000
13366 mmap(0x7efdade64000, 36864, PROT_READ, MAP_PRIVATE|MAP_FIXED|MAP_DENYWRITE, 3, 0x1f000) = 0x7efdade64000
13366 mmap(0x7efdade6d000, 8192, PROT_READ|PROT_WRITE, MAP_PRIVATE|MAP_FIXED|MAP_DENYWRITE, 3, 0x27000) = 0x7efdade6d000
13366 close(3)                          = 0
13366 openat(AT_FDCWD, "/usr/lib/libffi.so.6", O_RDONLY|O_CLOEXEC) = 3
13366 read(3, "\177ELF\2\1\1\0\0\0\0\0\0\0\0\0\3\0>\0\1\0\0\0@ \0\0\0\0\0\0"..., 832) = 832
13366 fstat(3, {st_mode=S_IFREG|0755, st_size=38792, ...}) = 0
13366 mmap(NULL, 8192, PROT_READ|PROT_WRITE, MAP_PRIVATE|MAP_ANONYMOUS, -1, 0) = 0x7efdade43000
13366 mmap(NULL, 42248, PROT_READ, MAP_PRIVATE|MAP_DENYWRITE, 3, 0) = 0x7efdade38000
13366 mprotect(0x7efdade3a000, 28672, PROT_NONE) = 0
13366 mmap(0x7efdade3a000, 20480, PROT_READ|PROT_EXEC, MAP_PRIVATE|MAP_FIXED|MAP_DENYWRITE, 3, 0x2000) = 0x7efdade3a000
13366 mmap(0x7efdade3f000, 4096, PROT_READ, MAP_PRIVATE|MAP_FIXED|MAP_DENYWRITE, 3, 0x7000) = 0x7efdade3f000
13366 mmap(0x7efdade41000, 8192, PROT_READ|PROT_WRITE, MAP_PRIVATE|MAP_FIXED|MAP_DENYWRITE, 3, 0x8000) = 0x7efdade41000
13366 close(3)                          = 0
13366 openat(AT_FDCWD, "/usr/lib/librt.so.1", O_RDONLY|O_CLOEXEC) = 3
13366 read(3, "\177ELF\2\1\1\3\0\0\0\0\0\0\0\0\3\0>\0\1\0\0\0\3606\0\0\0\0\0\0"..., 832) = 832
13366 fstat(3, {st_mode=S_IFREG|0755, st_size=39408, ...}) = 0
13366 mmap(NULL, 43512, PROT_READ, MAP_PRIVATE|MAP_DENYWRITE, 3, 0) = 0x7efdade2d000
13366 mmap(0x7efdade30000, 16384, PROT_READ|PROT_EXEC, MAP_PRIVATE|MAP_FIXED|MAP_DENYWRITE, 3, 0x3000) = 0x7efdade30000
13366 mmap(0x7efdade34000, 8192, PROT_READ, MAP_PRIVATE|MAP_FIXED|MAP_DENYWRITE, 3, 0x7000) = 0x7efdade34000
13366 mmap(0x7efdade36000, 8192, PROT_READ|PROT_WRITE, MAP_PRIVATE|MAP_FIXED|MAP_DENYWRITE, 3, 0x8000) = 0x7efdade36000
13366 close(3)                          = 0
13366 openat(AT_FDCWD, "/usr/lib/libXau.so.6", O_RDONLY|O_CLOEXEC) = 3
13366 read(3, "\177ELF\2\1\1\0\0\0\0\0\0\0\0\0\3\0>\0\1\0\0\0 \20\0\0\0\0\0\0"..., 832) = 832
13366 fstat(3, {st_mode=S_IFREG|0755, st_size=13960, ...}) = 0
13366 mmap(NULL, 16424, PROT_READ, MAP_PRIVATE|MAP_DENYWRITE, 3, 0) = 0x7efdade28000
13366 mmap(0x7efdade29000, 4096, PROT_READ|PROT_EXEC, MAP_PRIVATE|MAP_FIXED|MAP_DENYWRITE, 3, 0x1000) = 0x7efdade29000
13366 mmap(0x7efdade2a000, 4096, PROT_READ, MAP_PRIVATE|MAP_FIXED|MAP_DENYWRITE, 3, 0x2000) = 0x7efdade2a000
13366 mmap(0x7efdade2b000, 8192, PROT_READ|PROT_WRITE, MAP_PRIVATE|MAP_FIXED|MAP_DENYWRITE, 3, 0x2000) = 0x7efdade2b000
13366 close(3)                          = 0
13366 openat(AT_FDCWD, "/usr/lib/libXdmcp.so.6", O_RDONLY|O_CLOEXEC) = 3
13366 read(3, "\177ELF\2\1\1\0\0\0\0\0\0\0\0\0\3\0>\0\1\0\0\0  \0\0\0\0\0\0"..., 832) = 832
13366 fstat(3, {st_mode=S_IFREG|0755, st_size=26224, ...}) = 0
13366 mmap(NULL, 28688, PROT_READ, MAP_PRIVATE|MAP_DENYWRITE, 3, 0) = 0x7efdade20000
13366 mmap(0x7efdade22000, 8192, PROT_READ|PROT_EXEC, MAP_PRIVATE|MAP_FIXED|MAP_DENYWRITE, 3, 0x2000) = 0x7efdade22000
13366 mmap(0x7efdade24000, 8192, PROT_READ, MAP_PRIVATE|MAP_FIXED|MAP_DENYWRITE, 3, 0x4000) = 0x7efdade24000
13366 mmap(0x7efdade26000, 8192, PROT_READ|PROT_WRITE, MAP_PRIVATE|MAP_FIXED|MAP_DENYWRITE, 3, 0x5000) = 0x7efdade26000
13366 close(3)                          = 0
13366 mmap(NULL, 8192, PROT_READ|PROT_WRITE, MAP_PRIVATE|MAP_ANONYMOUS, -1, 0) = 0x7efdade1e000
13366 mmap(NULL, 12288, PROT_READ|PROT_WRITE, MAP_PRIVATE|MAP_ANONYMOUS, -1, 0) = 0x7efdade1b000
13366 arch_prctl(ARCH_SET_FS, 0x7efdade1b740) = 0
13366 mprotect(0x7efdae2e5000, 12288, PROT_READ) = 0
13366 mprotect(0x7efdade26000, 4096, PROT_READ) = 0
13366 mprotect(0x7efdade2b000, 4096, PROT_READ) = 0
13366 mprotect(0x7efdadedc000, 4096, PROT_READ) = 0
13366 mprotect(0x7efdade36000, 4096, PROT_READ) = 0
13366 mprotect(0x7efdade41000, 4096, PROT_READ) = 0
13366 mprotect(0x7efdade6d000, 4096, PROT_READ) = 0
13366 mprotect(0x7efdadea8000, 8192, PROT_READ) = 0
13366 mprotect(0x7efdadebe000, 8192, PROT_READ) = 0
13366 mprotect(0x7efdae06e000, 4096, PROT_READ) = 0
13366 mprotect(0x7efdae031000, 12288, PROT_READ) = 0
13366 mprotect(0x7efdadef5000, 4096, PROT_READ) = 0
13366 mprotect(0x7efdae0e2000, 167936, PROT_READ) = 0
13366 mprotect(0x7efdae049000, 4096, PROT_READ) = 0
13366 mprotect(0x7efdae4a4000, 4096, PROT_READ) = 0
13366 mprotect(0x7efdae345000, 12288, PROT_READ) = 0
13366 mprotect(0x7efdae35e000, 4096, PROT_READ) = 0
13366 mprotect(0x7efdae4b8000, 4096, PROT_READ) = 0
13366 mprotect(0x7efdae4c8000, 4096, PROT_READ) = 0
13366 mprotect(0x7efdae540000, 110592, PROT_READ) = 0
13366 mprotect(0x7efdae56d000, 16384, PROT_READ) = 0
13366 mprotect(0x562170b2c000, 4096, PROT_READ) = 0
13366 mprotect(0x7efdae5f5000, 4096, PROT_READ) = 0
13366 munmap(0x7efdae574000, 354310)    = 0
13366 set_tid_address(0x7efdade1ba10)   = 13366
13366 set_robust_list(0x7efdade1ba20, 24) = 0
13366 rt_sigaction(SIGRTMIN, {sa_handler=0x7efdadec8c30, sa_mask=[], sa_flags=SA_RESTORER|SA_SIGINFO, sa_restorer=0x7efdaded4cb0}, NULL, 8) = 0
13366 rt_sigaction(SIGRT_1, {sa_handler=0x7efdadec8cd0, sa_mask=[], sa_flags=SA_RESTORER|SA_RESTART|SA_SIGINFO, sa_restorer=0x7efdaded4cb0}, NULL, 8) = 0
13366 rt_sigprocmask(SIG_UNBLOCK, [RTMIN RT_1], NULL, 8) = 0
13366 prlimit64(0, RLIMIT_STACK, NULL, {rlim_cur=8192*1024, rlim_max=RLIM64_INFINITY}) = 0
13366 futex(0x7efdae06f048, FUTEX_WAKE_PRIVATE, 2147483647) = 0
13366 brk(NULL)                         = 0x562172af7000
13366 brk(0x562172b18000)               = 0x562172b18000
13366 openat(AT_FDCWD, "editme.conf", O_RDONLY) = 3
13366 read(3, "This is a KMSshooter config\n\nonl"..., 2000) = 392
13366 close(3)                          = 0
13366 rt_sigaction(SIGCHLD, {sa_handler=SIG_DFL, sa_mask=[HUP TRAP ABRT FPE], sa_flags=SA_NOCLDSTOP|SA_NOCLDWAIT}, NULL, 8) = 0
13366 mmap(NULL, 12, PROT_READ|PROT_WRITE, MAP_SHARED|MAP_ANONYMOUS, 0, 0) = 0x7efdae5f4000
13366 mmap(NULL, 72, PROT_READ|PROT_WRITE, MAP_SHARED|MAP_ANONYMOUS, 0, 0) = 0x7efdae5ca000
13366 clone(child_stack=NULL, flags=)   = 13367
13367 open("/dev/input/event3", O_RDONLY <unfinished ...>
13366 openat(AT_FDCWD, "/dev/dri/card0", O_RDWR <unfinished ...>
13367 <... open resumed>)               = 3
13366 <... openat resumed>)             = 3
13367 read(3,  <unfinished ...>
13366 ioctl(3, DRM_IOCTL_MODE_GETRESOURCES, 0x7ffde0b382a0) = 0
13366 ioctl(3, DRM_IOCTL_MODE_GETRESOURCES, 0x7ffde0b382a0) = 0
13366 ioctl(3, DRM_IOCTL_MODE_GETCONNECTOR, 0x7ffde0b38250) = 0
13366 ioctl(3, DRM_IOCTL_MODE_GETCONNECTOR, 0x7ffde0b38250) = 0
13366 ioctl(3, DRM_IOCTL_MODE_GETENCODER, 0x7ffde0b38300) = 0
13366 fstat(3, {st_mode=S_IFCHR|0777, st_rdev=makedev(0xe2, 0), ...}) = 0
13366 geteuid()                         = 0
13366 getuid()                          = 0
13366 ioctl(3, DRM_IOCTL_VERSION, 0x562172af8e20) = 0
13366 ioctl(3, DRM_IOCTL_VERSION, 0x562172af8e20) = 0
13366 getrandom("\x65\x6a\x7b\x2d\x7d\x1b\xec\xa1", 8, GRND_NONBLOCK) = 8
13366 lstat("/proc", {st_mode=S_IFDIR|0555, st_size=0, ...}) = 0
13366 lstat("/proc/self", {st_mode=S_IFLNK|0777, st_size=0, ...}) = 0
13366 readlink("/proc/self", "13366", 4095) = 5
13366 lstat("/proc/13366", {st_mode=S_IFDIR|0555, st_size=0, ...}) = 0
13366 lstat("/proc/13366/exe", {st_mode=S_IFLNK|0777, st_size=0, ...}) = 0
13366 readlink("/proc/13366/exe", "/mnt/sda6/home/kitty/Documents/p"..., 4095) = 56
13366 lstat("/mnt", {st_mode=S_IFDIR|0755, st_size=0, ...}) = 0
13366 lstat("/mnt/sda6", {st_mode=S_IFDIR|0755, st_size=4096, ...}) = 0
13366 lstat("/mnt/sda6/home", {st_mode=S_IFDIR|0777, st_size=4096, ...}) = 0
13366 lstat("/mnt/sda6/home/kitty", {st_mode=S_IFDIR|0755, st_size=20480, ...}) = 0
13366 lstat("/mnt/sda6/home/kitty/Documents", {st_mode=S_IFDIR|0755, st_size=4096, ...}) = 0
13366 lstat("/mnt/sda6/home/kitty/Documents/projects", {st_mode=S_IFDIR|0755, st_size=4096, ...}) = 0
13366 lstat("/mnt/sda6/home/kitty/Documents/projects/kmsplatformer", {st_mode=S_IFDIR|0755, st_size=4096, ...}) = 0
13366 lstat("/mnt/sda6/home/kitty/Documents/projects/kmsplatformer/ds", {st_mode=S_IFREG|0755, st_size=27264, ...}) = 0
13366 openat(AT_FDCWD, "/usr/share/drirc.d", O_RDONLY|O_NONBLOCK|O_CLOEXEC|O_DIRECTORY) = 4
13366 fstat(4, {st_mode=S_IFDIR|0755, st_size=4096, ...}) = 0
13366 getdents64(4, /* 3 entries */, 32768) = 96
13366 getdents64(4, /* 0 entries */, 32768) = 0
13366 close(4)                          = 0
13366 openat(AT_FDCWD, "/usr/share/drirc.d/00-mesa-defaults.conf", O_RDONLY) = 4
13366 read(4, "<!--\n\n=========================="..., 4096) = 4096
13366 getrandom("\xcd\x76\x59\x9d\x95\x39\xd4\xdd", 8, GRND_NONBLOCK) = 8
13366 read(4, "he Definitive Edition which shar"..., 4096) = 4096
13366 read(4, " executable=\"TheObserver-Linux-S"..., 4096) = 4096
13366 read(4, "tion name=\"Overlord\" executable="..., 4096) = 4096
13366 read(4, "        <application name=\"xfwm4"..., 4096) = 3951
13366 read(4, "", 4096)                 = 0
13366 close(4)                          = 0
13366 openat(AT_FDCWD, "/etc/drirc", O_RDONLY) = -1 ENOENT (No such file or directory)
13366 openat(AT_FDCWD, "/root/.drirc", O_RDONLY) = -1 ENOENT (No such file or directory)
13366 fstat(3, {st_mode=S_IFCHR|0777, st_rdev=makedev(0xe2, 0), ...}) = 0
13366 stat("/sys/dev/char/226:0/device/drm", {st_mode=S_IFDIR|0755, st_size=0, ...}) = 0
13366 readlink("/sys/dev/char/226:0/device/subsystem", "../../../bus/pci", 4096) = 16
13366 openat(AT_FDCWD, "/dev/dri", O_RDONLY|O_NONBLOCK|O_CLOEXEC|O_DIRECTORY) = 4
13366 fstat(4, {st_mode=S_IFDIR|0777, st_size=0, ...}) = 0
13366 getdents64(4, /* 5 entries */, 32768) = 144
13366 stat("/dev/dri/renderD128", {st_mode=S_IFCHR|0777, st_rdev=makedev(0xe2, 0x80), ...}) = 0
13366 stat("/sys/dev/char/226:128/device/drm", {st_mode=S_IFDIR|0755, st_size=0, ...}) = 0
13366 readlink("/sys/dev/char/226:128/device/subsystem", "../../../bus/pci", 4096) = 16
13366 lstat("/sys", {st_mode=S_IFDIR|0555, st_size=0, ...}) = 0
13366 lstat("/sys/dev", {st_mode=S_IFDIR|0755, st_size=0, ...}) = 0
13366 lstat("/sys/dev/char", {st_mode=S_IFDIR|0755, st_size=0, ...}) = 0
13366 lstat("/sys/dev/char/226:128", {st_mode=S_IFLNK|0777, st_size=0, ...}) = 0
13366 readlink("/sys/dev/char/226:128", "../../devices/pci0000:00/0000:00"..., 4095) = 52
13366 lstat("/sys/devices", {st_mode=S_IFDIR|0755, st_size=0, ...}) = 0
13366 lstat("/sys/devices/pci0000:00", {st_mode=S_IFDIR|0755, st_size=0, ...}) = 0
13366 lstat("/sys/devices/pci0000:00/0000:00:02.0", {st_mode=S_IFDIR|0755, st_size=0, ...}) = 0
13366 lstat("/sys/devices/pci0000:00/0000:00:02.0/drm", {st_mode=S_IFDIR|0755, st_size=0, ...}) = 0
13366 lstat("/sys/devices/pci0000:00/0000:00:02.0/drm/renderD128", {st_mode=S_IFDIR|0755, st_size=0, ...}) = 0
13366 lstat("/sys/devices/pci0000:00/0000:00:02.0/drm/renderD128/device", {st_mode=S_IFLNK|0777, st_size=0, ...}) = 0
13366 readlink("/sys/devices/pci0000:00/0000:00:02.0/drm/renderD128/device", "../../../0000:00:02.0", 4095) = 21
13366 lstat("/sys/devices/pci0000:00/0000:00:02.0", {st_mode=S_IFDIR|0755, st_size=0, ...}) = 0
13366 openat(AT_FDCWD, "/sys/devices/pci0000:00/0000:00:02.0/uevent", O_RDONLY) = 5
13366 fstat(5, {st_mode=S_IFREG|0644, st_size=4096, ...}) = 0
13366 read(5, "DRIVER=i915\nPCI_CLASS=30000\nPCI_"..., 4096) = 159
13366 close(5)                          = 0
13366 lstat("/sys", {st_mode=S_IFDIR|0555, st_size=0, ...}) = 0
13366 lstat("/sys/dev", {st_mode=S_IFDIR|0755, st_size=0, ...}) = 0
13366 lstat("/sys/dev/char", {st_mode=S_IFDIR|0755, st_size=0, ...}) = 0
13366 lstat("/sys/dev/char/226:128", {st_mode=S_IFLNK|0777, st_size=0, ...}) = 0
13366 readlink("/sys/dev/char/226:128", "../../devices/pci0000:00/0000:00"..., 4095) = 52
13366 lstat("/sys/devices", {st_mode=S_IFDIR|0755, st_size=0, ...}) = 0
13366 lstat("/sys/devices/pci0000:00", {st_mode=S_IFDIR|0755, st_size=0, ...}) = 0
13366 lstat("/sys/devices/pci0000:00/0000:00:02.0", {st_mode=S_IFDIR|0755, st_size=0, ...}) = 0
13366 lstat("/sys/devices/pci0000:00/0000:00:02.0/drm", {st_mode=S_IFDIR|0755, st_size=0, ...}) = 0
13366 lstat("/sys/devices/pci0000:00/0000:00:02.0/drm/renderD128", {st_mode=S_IFDIR|0755, st_size=0, ...}) = 0
13366 lstat("/sys/devices/pci0000:00/0000:00:02.0/drm/renderD128/device", {st_mode=S_IFLNK|0777, st_size=0, ...}) = 0
13366 readlink("/sys/devices/pci0000:00/0000:00:02.0/drm/renderD128/device", "../../../0000:00:02.0", 4095) = 21
13366 lstat("/sys/devices/pci0000:00/0000:00:02.0", {st_mode=S_IFDIR|0755, st_size=0, ...}) = 0
13366 openat(AT_FDCWD, "/sys/devices/pci0000:00/0000:00:02.0/vendor", O_RDONLY) = 5
13366 fstat(5, {st_mode=S_IFREG|0444, st_size=4096, ...}) = 0
13366 read(5, "0x8086\n", 4096)         = 7
13366 close(5)                          = 0
13366 openat(AT_FDCWD, "/sys/devices/pci0000:00/0000:00:02.0/device", O_RDONLY) = 5
13366 fstat(5, {st_mode=S_IFREG|0444, st_size=4096, ...}) = 0
13366 read(5, "0x0156\n", 4096)         = 7
13366 close(5)                          = 0
13366 openat(AT_FDCWD, "/sys/devices/pci0000:00/0000:00:02.0/subsystem_vendor", O_RDONLY) = 5
13366 fstat(5, {st_mode=S_IFREG|0444, st_size=4096, ...}) = 0
13366 read(5, "0x1028\n", 4096)         = 7
13366 close(5)                          = 0
13366 openat(AT_FDCWD, "/sys/devices/pci0000:00/0000:00:02.0/subsystem_device", O_RDONLY) = 5
13366 fstat(5, {st_mode=S_IFREG|0444, st_size=4096, ...}) = 0
13366 read(5, "0x0597\n", 4096)         = 7
13366 close(5)                          = 0
13366 stat("/dev/dri/card0", {st_mode=S_IFCHR|0777, st_rdev=makedev(0xe2, 0), ...}) = 0
13366 stat("/sys/dev/char/226:0/device/drm", {st_mode=S_IFDIR|0755, st_size=0, ...}) = 0
13366 readlink("/sys/dev/char/226:0/device/subsystem", "../../../bus/pci", 4096) = 16
13366 lstat("/sys", {st_mode=S_IFDIR|0555, st_size=0, ...}) = 0
13366 lstat("/sys/dev", {st_mode=S_IFDIR|0755, st_size=0, ...}) = 0
13366 lstat("/sys/dev/char", {st_mode=S_IFDIR|0755, st_size=0, ...}) = 0
13366 lstat("/sys/dev/char/226:0", {st_mode=S_IFLNK|0777, st_size=0, ...}) = 0
13366 readlink("/sys/dev/char/226:0", "../../devices/pci0000:00/0000:00"..., 4095) = 47
13366 lstat("/sys/devices", {st_mode=S_IFDIR|0755, st_size=0, ...}) = 0
13366 lstat("/sys/devices/pci0000:00", {st_mode=S_IFDIR|0755, st_size=0, ...}) = 0
13366 lstat("/sys/devices/pci0000:00/0000:00:02.0", {st_mode=S_IFDIR|0755, st_size=0, ...}) = 0
13366 lstat("/sys/devices/pci0000:00/0000:00:02.0/drm", {st_mode=S_IFDIR|0755, st_size=0, ...}) = 0
13366 lstat("/sys/devices/pci0000:00/0000:00:02.0/drm/card0", {st_mode=S_IFDIR|0755, st_size=0, ...}) = 0
13366 lstat("/sys/devices/pci0000:00/0000:00:02.0/drm/card0/device", {st_mode=S_IFLNK|0777, st_size=0, ...}) = 0
13366 readlink("/sys/devices/pci0000:00/0000:00:02.0/drm/card0/device", "../../../0000:00:02.0", 4095) = 21
13366 lstat("/sys/devices/pci0000:00/0000:00:02.0", {st_mode=S_IFDIR|0755, st_size=0, ...}) = 0
13366 openat(AT_FDCWD, "/sys/devices/pci0000:00/0000:00:02.0/uevent", O_RDONLY) = 5
13366 fstat(5, {st_mode=S_IFREG|0644, st_size=4096, ...}) = 0
13366 read(5, "DRIVER=i915\nPCI_CLASS=30000\nPCI_"..., 4096) = 159
13366 close(5)                          = 0
13366 lstat("/sys", {st_mode=S_IFDIR|0555, st_size=0, ...}) = 0
13366 lstat("/sys/dev", {st_mode=S_IFDIR|0755, st_size=0, ...}) = 0
13366 lstat("/sys/dev/char", {st_mode=S_IFDIR|0755, st_size=0, ...}) = 0
13366 lstat("/sys/dev/char/226:0", {st_mode=S_IFLNK|0777, st_size=0, ...}) = 0
13366 readlink("/sys/dev/char/226:0", "../../devices/pci0000:00/0000:00"..., 4095) = 47
13366 lstat("/sys/devices", {st_mode=S_IFDIR|0755, st_size=0, ...}) = 0
13366 lstat("/sys/devices/pci0000:00", {st_mode=S_IFDIR|0755, st_size=0, ...}) = 0
13366 lstat("/sys/devices/pci0000:00/0000:00:02.0", {st_mode=S_IFDIR|0755, st_size=0, ...}) = 0
13366 lstat("/sys/devices/pci0000:00/0000:00:02.0/drm", {st_mode=S_IFDIR|0755, st_size=0, ...}) = 0
13366 lstat("/sys/devices/pci0000:00/0000:00:02.0/drm/card0", {st_mode=S_IFDIR|0755, st_size=0, ...}) = 0
13366 lstat("/sys/devices/pci0000:00/0000:00:02.0/drm/card0/device", {st_mode=S_IFLNK|0777, st_size=0, ...}) = 0
13366 readlink("/sys/devices/pci0000:00/0000:00:02.0/drm/card0/device", "../../../0000:00:02.0", 4095) = 21
13366 lstat("/sys/devices/pci0000:00/0000:00:02.0", {st_mode=S_IFDIR|0755, st_size=0, ...}) = 0
13366 openat(AT_FDCWD, "/sys/devices/pci0000:00/0000:00:02.0/vendor", O_RDONLY) = 5
13366 fstat(5, {st_mode=S_IFREG|0444, st_size=4096, ...}) = 0
13366 read(5, "0x8086\n", 4096)         = 7
13366 close(5)                          = 0
13366 openat(AT_FDCWD, "/sys/devices/pci0000:00/0000:00:02.0/device", O_RDONLY) = 5
13366 fstat(5, {st_mode=S_IFREG|0444, st_size=4096, ...}) = 0
13366 read(5, "0x0156\n", 4096)         = 7
13366 close(5)                          = 0
13366 openat(AT_FDCWD, "/sys/devices/pci0000:00/0000:00:02.0/subsystem_vendor", O_RDONLY) = 5
13366 fstat(5, {st_mode=S_IFREG|0444, st_size=4096, ...}) = 0
13366 read(5, "0x1028\n", 4096)         = 7
13366 close(5)                          = 0
13366 openat(AT_FDCWD, "/sys/devices/pci0000:00/0000:00:02.0/subsystem_device", O_RDONLY) = 5
13366 fstat(5, {st_mode=S_IFREG|0444, st_size=4096, ...}) = 0
13366 read(5, "0x0597\n", 4096)         = 7
13366 close(5)                          = 0
13366 getdents64(4, /* 0 entries */, 32768) = 0
13366 stat("/dev/dri/card0", {st_mode=S_IFCHR|0777, st_rdev=makedev(0xe2, 0), ...}) = 0
13366 close(4)                          = 0
13366 openat(AT_FDCWD, "/etc/ld.so.cache", O_RDONLY|O_CLOEXEC) = 4
13366 fstat(4, {st_mode=S_IFREG|0644, st_size=354310, ...}) = 0
13366 mmap(NULL, 354310, PROT_READ, MAP_PRIVATE, 4, 0) = 0x7efdaddc4000
13366 close(4)                          = 0
13366 openat(AT_FDCWD, "/usr/lib/libglapi.so.0", O_RDONLY|O_CLOEXEC) = 4
13366 read(4, "\177ELF\2\1\1\0\0\0\0\0\0\0\0\0\3\0>\0\1\0\0\0 \260\0\0\0\0\0\0"..., 832) = 832
13366 fstat(4, {st_mode=S_IFREG|0755, st_size=198472, ...}) = 0
13366 mmap(NULL, 207096, PROT_READ, MAP_PRIVATE|MAP_DENYWRITE, 4, 0) = 0x7efdae597000
13366 mmap(0x7efdae5a2000, 49152, PROT_READ|PROT_EXEC, MAP_PRIVATE|MAP_FIXED|MAP_DENYWRITE, 4, 0xb000) = 0x7efdae5a2000
13366 mmap(0x7efdae5ae000, 90112, PROT_READ, MAP_PRIVATE|MAP_FIXED|MAP_DENYWRITE, 4, 0x17000) = 0x7efdae5ae000
13366 mmap(0x7efdae5c4000, 20480, PROT_READ|PROT_WRITE, MAP_PRIVATE|MAP_FIXED|MAP_DENYWRITE, 4, 0x2c000) = 0x7efdae5c4000
13366 mmap(0x7efdae5c9000, 2296, PROT_READ|PROT_WRITE, MAP_PRIVATE|MAP_FIXED|MAP_ANONYMOUS, -1, 0) = 0x7efdae5c9000
13366 close(4)                          = 0
13366 mprotect(0x7efdae5c4000, 16384, PROT_READ) = 0
13366 munmap(0x7efdaddc4000, 354310)    = 0
13366 geteuid()                         = 0
13366 getuid()                          = 0
13366 openat(AT_FDCWD, "/usr/lib/dri/tls/i965_dri.so", O_RDONLY|O_CLOEXEC) = -1 ENOENT (No such file or directory)
13366 openat(AT_FDCWD, "/usr/lib/dri/i965_dri.so", O_RDONLY|O_CLOEXEC) = 4
13366 read(4, "\177ELF\2\1\1\0\0\0\0\0\0\0\0\0\3\0>\0\1\0\0\0 \340\6\0\0\0\0\0"..., 832) = 832
13366 fstat(4, {st_mode=S_IFREG|0755, st_size=10403752, ...}) = 0
13366 mmap(NULL, 11136912, PROT_READ, MAP_PRIVATE|MAP_DENYWRITE, 4, 0) = 0x7efdad37c000
13366 mprotect(0x7efdad3ea000, 9486336, PROT_NONE) = 0
13366 mmap(0x7efdad3ea000, 7593984, PROT_READ|PROT_EXEC, MAP_PRIVATE|MAP_FIXED|MAP_DENYWRITE, 4, 0x6e000) = 0x7efdad3ea000
13366 mmap(0x7efdadb28000, 1888256, PROT_READ, MAP_PRIVATE|MAP_FIXED|MAP_DENYWRITE, 4, 0x7ac000) = 0x7efdadb28000
13366 mmap(0x7efdadcf6000, 471040, PROT_READ|PROT_WRITE, MAP_PRIVATE|MAP_FIXED|MAP_DENYWRITE, 4, 0x979000) = 0x7efdadcf6000
13366 mmap(0x7efdadd69000, 728976, PROT_READ|PROT_WRITE, MAP_PRIVATE|MAP_FIXED|MAP_ANONYMOUS, -1, 0) = 0x7efdadd69000
13366 close(4)                          = 0
13366 openat(AT_FDCWD, "/etc/ld.so.cache", O_RDONLY|O_CLOEXEC) = 4
13366 fstat(4, {st_mode=S_IFREG|0644, st_size=354310, ...}) = 0
13366 mmap(NULL, 354310, PROT_READ, MAP_PRIVATE, 4, 0) = 0x7efdad325000
13366 close(4)                          = 0
13366 openat(AT_FDCWD, "/usr/lib/libz.so.1", O_RDONLY|O_CLOEXEC) = 4
13366 read(4, "\177ELF\2\1\1\0\0\0\0\0\0\0\0\0\3\0>\0\1\0\0\0\320!\0\0\0\0\0\0"..., 832) = 832
13366 fstat(4, {st_mode=S_IFREG|0755, st_size=91912, ...}) = 0
13366 mmap(NULL, 2187280, PROT_READ|PROT_EXEC, MAP_PRIVATE|MAP_DENYWRITE, 4, 0) = 0x7efdad10e000
13366 mprotect(0x7efdad124000, 2093056, PROT_NONE) = 0
13366 mmap(0x7efdad323000, 8192, PROT_READ|PROT_WRITE, MAP_PRIVATE|MAP_FIXED|MAP_DENYWRITE, 4, 0x15000) = 0x7efdad323000
13366 close(4)                          = 0
13366 openat(AT_FDCWD, "/usr/lib/libdrm_intel.so.1", O_RDONLY|O_CLOEXEC) = 4
13366 read(4, "\177ELF\2\1\1\0\0\0\0\0\0\0\0\0\3\0>\0\1\0\0\0 0\0\0\0\0\0\0"..., 832) = 832
13366 fstat(4, {st_mode=S_IFREG|0755, st_size=146488, ...}) = 0
13366 mmap(NULL, 148968, PROT_READ, MAP_PRIVATE|MAP_DENYWRITE, 4, 0) = 0x7efdad0e9000
13366 mmap(0x7efdad0ec000, 90112, PROT_READ|PROT_EXEC, MAP_PRIVATE|MAP_FIXED|MAP_DENYWRITE, 4, 0x3000) = 0x7efdad0ec000
13366 mmap(0x7efdad102000, 40960, PROT_READ, MAP_PRIVATE|MAP_FIXED|MAP_DENYWRITE, 4, 0x19000) = 0x7efdad102000
13366 mmap(0x7efdad10c000, 8192, PROT_READ|PROT_WRITE, MAP_PRIVATE|MAP_FIXED|MAP_DENYWRITE, 4, 0x22000) = 0x7efdad10c000
13366 close(4)                          = 0
13366 openat(AT_FDCWD, "/usr/lib/libdrm_radeon.so.1", O_RDONLY|O_CLOEXEC) = 4
13366 read(4, "\177ELF\2\1\1\0\0\0\0\0\0\0\0\0\3\0>\0\1\0\0\0  \0\0\0\0\0\0"..., 832) = 832
13366 fstat(4, {st_mode=S_IFREG|0755, st_size=50864, ...}) = 0
13366 mmap(NULL, 53384, PROT_READ, MAP_PRIVATE|MAP_DENYWRITE, 4, 0) = 0x7efdae589000
13366 mmap(0x7efdae58b000, 32768, PROT_READ|PROT_EXEC, MAP_PRIVATE|MAP_FIXED|MAP_DENYWRITE, 4, 0x2000) = 0x7efdae58b000
13366 mmap(0x7efdae593000, 8192, PROT_READ, MAP_PRIVATE|MAP_FIXED|MAP_DENYWRITE, 4, 0xa000) = 0x7efdae593000
13366 mmap(0x7efdae595000, 8192, PROT_READ|PROT_WRITE, MAP_PRIVATE|MAP_FIXED|MAP_DENYWRITE, 4, 0xb000) = 0x7efdae595000
13366 close(4)                          = 0
13366 openat(AT_FDCWD, "/usr/lib/libdrm_nouveau.so.2", O_RDONLY|O_CLOEXEC) = 4
13366 read(4, "\177ELF\2\1\1\0\0\0\0\0\0\0\0\0\3\0>\0\1\0\0\0  \0\0\0\0\0\0"..., 832) = 832
13366 fstat(4, {st_mode=S_IFREG|0755, st_size=34408, ...}) = 0
13366 mmap(NULL, 36880, PROT_READ, MAP_PRIVATE|MAP_DENYWRITE, 4, 0) = 0x7efdae57f000
13366 mmap(0x7efdae581000, 16384, PROT_READ|PROT_EXEC, MAP_PRIVATE|MAP_FIXED|MAP_DENYWRITE, 4, 0x2000) = 0x7efdae581000
13366 mmap(0x7efdae585000, 8192, PROT_READ, MAP_PRIVATE|MAP_FIXED|MAP_DENYWRITE, 4, 0x6000) = 0x7efdae585000
13366 mmap(0x7efdae587000, 8192, PROT_READ|PROT_WRITE, MAP_PRIVATE|MAP_FIXED|MAP_DENYWRITE, 4, 0x7000) = 0x7efdae587000
13366 close(4)                          = 0
13366 openat(AT_FDCWD, "/usr/lib/libstdc++.so.6", O_RDONLY|O_CLOEXEC) = 4
13366 read(4, "\177ELF\2\1\1\3\0\0\0\0\0\0\0\0\3\0>\0\1\0\0\0@P\t\0\0\0\0\0"..., 832) = 832
13366 fstat(4, {st_mode=S_IFREG|0755, st_size=22613184, ...}) = 0
13366 mmap(NULL, 1996416, PROT_READ, MAP_PRIVATE|MAP_DENYWRITE, 4, 0) = 0x7efdacf01000
13366 mprotect(0x7efdacf96000, 1318912, PROT_NONE) = 0
13366 mmap(0x7efdacf96000, 1015808, PROT_READ|PROT_EXEC, MAP_PRIVATE|MAP_FIXED|MAP_DENYWRITE, 4, 0x95000) = 0x7efdacf96000
13366 mmap(0x7efdad08e000, 299008, PROT_READ, MAP_PRIVATE|MAP_FIXED|MAP_DENYWRITE, 4, 0x18d000) = 0x7efdad08e000
13366 mmap(0x7efdad0d8000, 57344, PROT_READ|PROT_WRITE, MAP_PRIVATE|MAP_FIXED|MAP_DENYWRITE, 4, 0x1d6000) = 0x7efdad0d8000
13366 mmap(0x7efdad0e6000, 9856, PROT_READ|PROT_WRITE, MAP_PRIVATE|MAP_FIXED|MAP_ANONYMOUS, -1, 0) = 0x7efdad0e6000
13366 close(4)                          = 0
13366 openat(AT_FDCWD, "/usr/lib/libgcc_s.so.1", O_RDONLY|O_CLOEXEC) = 4
13366 read(4, "\177ELF\2\1\1\0\0\0\0\0\0\0\0\0\3\0>\0\1\0\0\0 0\0\0\0\0\0\0"..., 832) = 832
13366 fstat(4, {st_mode=S_IFREG|0644, st_size=869664, ...}) = 0
13366 mmap(NULL, 103152, PROT_READ, MAP_PRIVATE|MAP_DENYWRITE, 4, 0) = 0x7efdacee7000
13366 mmap(0x7efdaceea000, 69632, PROT_READ|PROT_EXEC, MAP_PRIVATE|MAP_FIXED|MAP_DENYWRITE, 4, 0x3000) = 0x7efdaceea000
13366 mmap(0x7efdacefb000, 16384, PROT_READ, MAP_PRIVATE|MAP_FIXED|MAP_DENYWRITE, 4, 0x14000) = 0x7efdacefb000
13366 mmap(0x7efdaceff000, 8192, PROT_READ|PROT_WRITE, MAP_PRIVATE|MAP_FIXED|MAP_DENYWRITE, 4, 0x17000) = 0x7efdaceff000
13366 close(4)                          = 0
13366 openat(AT_FDCWD, "/usr/lib/libpciaccess.so.0", O_RDONLY|O_CLOEXEC) = 4
13366 read(4, "\177ELF\2\1\1\0\0\0\0\0\0\0\0\0\3\0>\0\1\0\0\0` \0\0\0\0\0\0"..., 832) = 832
13366 fstat(4, {st_mode=S_IFREG|0755, st_size=38576, ...}) = 0
13366 mmap(NULL, 2134048, PROT_READ|PROT_EXEC, MAP_PRIVATE|MAP_DENYWRITE, 4, 0) = 0x7efdaccdd000
13366 mprotect(0x7efdacce5000, 2097152, PROT_NONE) = 0
13366 mmap(0x7efdacee5000, 8192, PROT_READ|PROT_WRITE, MAP_PRIVATE|MAP_FIXED|MAP_DENYWRITE, 4, 0x8000) = 0x7efdacee5000
13366 close(4)                          = 0
13366 mprotect(0x7efdacee5000, 4096, PROT_READ) = 0
13366 mprotect(0x7efdaceff000, 4096, PROT_READ) = 0
13366 mprotect(0x7efdad0d8000, 53248, PROT_READ) = 0
13366 mprotect(0x7efdae587000, 4096, PROT_READ) = 0
13366 mprotect(0x7efdae595000, 4096, PROT_READ) = 0
13366 mprotect(0x7efdad10c000, 4096, PROT_READ) = 0
13366 mprotect(0x7efdad323000, 4096, PROT_READ) = 0
13366 mprotect(0x7efdadcf6000, 425984, PROT_READ) = 0
13366 brk(0x562172b39000)               = 0x562172b39000
13366 munmap(0x7efdad325000, 354310)    = 0
13366 getrandom("\x20\x4c\xfc\x13\x3a\xcd\x64\x12", 8, GRND_NONBLOCK) = 8
13366 lstat("/proc", {st_mode=S_IFDIR|0555, st_size=0, ...}) = 0
13366 lstat("/proc/self", {st_mode=S_IFLNK|0777, st_size=0, ...}) = 0
13366 readlink("/proc/self", "13366", 4095) = 5
13366 lstat("/proc/13366", {st_mode=S_IFDIR|0555, st_size=0, ...}) = 0
13366 lstat("/proc/13366/exe", {st_mode=S_IFLNK|0777, st_size=0, ...}) = 0
13366 readlink("/proc/13366/exe", "/mnt/sda6/home/kitty/Documents/p"..., 4095) = 56
13366 lstat("/mnt", {st_mode=S_IFDIR|0755, st_size=0, ...}) = 0
13366 lstat("/mnt/sda6", {st_mode=S_IFDIR|0755, st_size=4096, ...}) = 0
13366 lstat("/mnt/sda6/home", {st_mode=S_IFDIR|0777, st_size=4096, ...}) = 0
13366 lstat("/mnt/sda6/home/kitty", {st_mode=S_IFDIR|0755, st_size=20480, ...}) = 0
13366 lstat("/mnt/sda6/home/kitty/Documents", {st_mode=S_IFDIR|0755, st_size=4096, ...}) = 0
13366 lstat("/mnt/sda6/home/kitty/Documents/projects", {st_mode=S_IFDIR|0755, st_size=4096, ...}) = 0
13366 lstat("/mnt/sda6/home/kitty/Documents/projects/kmsplatformer", {st_mode=S_IFDIR|0755, st_size=4096, ...}) = 0
13366 lstat("/mnt/sda6/home/kitty/Documents/projects/kmsplatformer/ds", {st_mode=S_IFREG|0755, st_size=27264, ...}) = 0
13366 openat(AT_FDCWD, "/usr/share/drirc.d", O_RDONLY|O_NONBLOCK|O_CLOEXEC|O_DIRECTORY) = 4
13366 fstat(4, {st_mode=S_IFDIR|0755, st_size=4096, ...}) = 0
13366 getdents64(4, /* 3 entries */, 32768) = 96
13366 getdents64(4, /* 0 entries */, 32768) = 0
13366 close(4)                          = 0
13366 openat(AT_FDCWD, "/usr/share/drirc.d/00-mesa-defaults.conf", O_RDONLY) = 4
13366 read(4, "<!--\n\n=========================="..., 4096) = 4096
13366 getrandom("\x09\x6c\x6e\x93\xe8\x70\x03\x37", 8, GRND_NONBLOCK) = 8
13366 read(4, "he Definitive Edition which shar"..., 4096) = 4096
13366 read(4, " executable=\"TheObserver-Linux-S"..., 4096) = 4096
13366 read(4, "tion name=\"Overlord\" executable="..., 4096) = 4096
13366 read(4, "        <application name=\"xfwm4"..., 4096) = 3951
13366 read(4, "", 4096)                 = 0
13366 close(4)                          = 0
13366 openat(AT_FDCWD, "/etc/drirc", O_RDONLY) = -1 ENOENT (No such file or directory)
13366 openat(AT_FDCWD, "/root/.drirc", O_RDONLY) = -1 ENOENT (No such file or directory)
13366 getrandom("\x28\x2d\x52\xe8\x2b\xd0\x62\xa2", 8, GRND_NONBLOCK) = 8
13366 openat(AT_FDCWD, "/usr/share/drirc.d", O_RDONLY|O_NONBLOCK|O_CLOEXEC|O_DIRECTORY) = 4
13366 fstat(4, {st_mode=S_IFDIR|0755, st_size=4096, ...}) = 0
13366 getdents64(4, /* 3 entries */, 32768) = 96
13366 getdents64(4, /* 0 entries */, 32768) = 0
13366 close(4)                          = 0
13366 openat(AT_FDCWD, "/usr/share/drirc.d/00-mesa-defaults.conf", O_RDONLY) = 4
13366 read(4, "<!--\n\n=========================="..., 4096) = 4096
13366 getrandom("\x95\xc7\x8a\x45\x76\x37\x73\x63", 8, GRND_NONBLOCK) = 8
13366 read(4, "he Definitive Edition which shar"..., 4096) = 4096
13366 read(4, " executable=\"TheObserver-Linux-S"..., 4096) = 4096
13366 read(4, "tion name=\"Overlord\" executable="..., 4096) = 4096
13366 read(4, "        <application name=\"xfwm4"..., 4096) = 3951
13366 read(4, "", 4096)                 = 0
13366 close(4)                          = 0
13366 openat(AT_FDCWD, "/etc/drirc", O_RDONLY) = -1 ENOENT (No such file or directory)
13366 openat(AT_FDCWD, "/root/.drirc", O_RDONLY) = -1 ENOENT (No such file or directory)
13366 geteuid()                         = 0
13366 getuid()                          = 0
13366 ioctl(3, DRM_IOCTL_I915_GETPARAM, 0x7ffde0b376f0) = 0
13366 ioctl(3, DRM_IOCTL_I915_GEM_CONTEXT_GETPARAM, 0x7ffde0b376d0) = 0
13366 ioctl(3, DRM_IOCTL_I915_GETPARAM, 0x7ffde0b376d0) = 0
13366 ioctl(3, DRM_IOCTL_I915_GETPARAM, 0x7ffde0b376f0) = 0
13366 futex(0x7efdade18f08, FUTEX_WAKE_PRIVATE, 2147483647) = 0
13366 ioctl(3, DRM_IOCTL_I915_GETPARAM, 0x7ffde0b376f0) = 0
13366 ioctl(3, DRM_IOCTL_I915_GEM_GET_APERTURE, 0x7ffde0b377b0) = 0
13366 ioctl(3, DRM_IOCTL_I915_GEM_CREATE, 0x7ffde0b376c0) = 0
13366 ioctl(3, DRM_IOCTL_I915_GEM_SET_TILING, 0x7ffde0b37610) = 0
13366 ioctl(3, DRM_IOCTL_I915_GEM_SET_DOMAIN, 0x7ffde0b376b4) = 0
13366 ioctl(3, DRM_IOCTL_GEM_CLOSE, 0x7ffde0b37680) = 0
13366 ioctl(3, DRM_IOCTL_I915_REG_READ, 0x7ffde0b376f0) = 0
13366 ioctl(3, DRM_IOCTL_I915_GETPARAM, 0x7ffde0b376f0) = 0
13366 ioctl(3, DRM_IOCTL_I915_GETPARAM, 0x7ffde0b376f0) = 0
13366 ioctl(3, DRM_IOCTL_I915_GETPARAM, 0x7ffde0b376f0) = 0
13366 ioctl(3, DRM_IOCTL_I915_GETPARAM, 0x7ffde0b376f0) = 0
13366 ioctl(3, DRM_IOCTL_I915_GET_RESET_STATS, 0x7ffde0b377b0) = 0
13366 brk(0x562172b5a000)               = 0x562172b5a000
13366 brk(0x562172b7b000)               = 0x562172b7b000
13366 brk(0x562172b9c000)               = 0x562172b9c000
13366 brk(0x562172bbd000)               = 0x562172bbd000
13366 brk(0x562172bde000)               = 0x562172bde000
13367 <... read resumed>"\370\246\355\\\0\0\0\0\232\343\0\0\0\0\0\0\4\0\4\0Z\0\0\0\370\246\355\\\0\0\0\0"..., 72) = 72
13367 read(3,  <unfinished ...>
13366 brk(0x562172bff000)               = 0x562172bff000
13366 brk(0x562172c20000)               = 0x562172c20000
13366 brk(0x562172c41000)               = 0x562172c41000
13366 ioctl(3, DRM_IOCTL_I915_GETPARAM, 0x7ffde0b376f0) = 0
13366 geteuid()                         = 0
13366 getuid()                          = 0
13366 getuid()                          = 0
13366 socket(AF_UNIX, SOCK_STREAM|SOCK_CLOEXEC|SOCK_NONBLOCK, 0) = 4
13366 connect(4, {sa_family=AF_UNIX, sun_path="/var/run/nscd/socket"}, 110) = -1 ENOENT (No such file or directory)
13366 close(4)                          = 0
13366 socket(AF_UNIX, SOCK_STREAM|SOCK_CLOEXEC|SOCK_NONBLOCK, 0) = 4
13366 connect(4, {sa_family=AF_UNIX, sun_path="/var/run/nscd/socket"}, 110) = -1 ENOENT (No such file or directory)
13366 close(4)                          = 0
13366 openat(AT_FDCWD, "/etc/nsswitch.conf", O_RDONLY|O_CLOEXEC) = 4
13366 fstat(4, {st_mode=S_IFREG|0644, st_size=334, ...}) = 0
13366 read(4, "# Name Service Switch configurat"..., 4096) = 334
13366 read(4, "", 4096)                 = 0
13366 close(4)                          = 0
13366 openat(AT_FDCWD, "/etc/ld.so.cache", O_RDONLY|O_CLOEXEC) = 4
13366 fstat(4, {st_mode=S_IFREG|0644, st_size=354310, ...}) = 0
13366 mmap(NULL, 354310, PROT_READ, MAP_PRIVATE, 4, 0) = 0x7efdad325000
13366 close(4)                          = 0
13366 openat(AT_FDCWD, "/usr/lib/libnss_files.so.2", O_RDONLY|O_CLOEXEC) = 4
13366 read(4, "\177ELF\2\1\1\0\0\0\0\0\0\0\0\0\3\0>\0\1\0\0\0\2605\0\0\0\0\0\0"..., 832) = 832
13366 fstat(4, {st_mode=S_IFREG|0755, st_size=51376, ...}) = 0
13366 mmap(NULL, 79320, PROT_READ, MAP_PRIVATE|MAP_DENYWRITE, 4, 0) = 0x7efdaccc9000
13366 mmap(0x7efdacccc000, 28672, PROT_READ|PROT_EXEC, MAP_PRIVATE|MAP_FIXED|MAP_DENYWRITE, 4, 0x3000) = 0x7efdacccc000
13366 mmap(0x7efdaccd3000, 8192, PROT_READ, MAP_PRIVATE|MAP_FIXED|MAP_DENYWRITE, 4, 0xa000) = 0x7efdaccd3000
13366 mmap(0x7efdaccd5000, 8192, PROT_READ|PROT_WRITE, MAP_PRIVATE|MAP_FIXED|MAP_DENYWRITE, 4, 0xb000) = 0x7efdaccd5000
13366 mmap(0x7efdaccd7000, 21976, PROT_READ|PROT_WRITE, MAP_PRIVATE|MAP_FIXED|MAP_ANONYMOUS, -1, 0) = 0x7efdaccd7000
13366 close(4)                          = 0
13366 mprotect(0x7efdaccd5000, 4096, PROT_READ) = 0
13366 munmap(0x7efdad325000, 354310)    = 0
13366 openat(AT_FDCWD, "/etc/passwd", O_RDONLY|O_CLOEXEC) = 4
13366 lseek(4, 0, SEEK_CUR)             = 0
13366 fstat(4, {st_mode=S_IFREG|0644, st_size=2131, ...}) = 0
13366 read(4, "root:x:0:0:root:/root:/bin/dash\n"..., 4096) = 2131
13366 close(4)                          = 0
13366 stat("/root", {st_mode=S_IFDIR|0755, st_size=0, ...}) = 0
13366 stat("/root/.cache", {st_mode=S_IFDIR|0755, st_size=0, ...}) = 0
13366 stat("/root/.cache", {st_mode=S_IFDIR|0755, st_size=0, ...}) = 0
13366 stat("/root/.cache/mesa_shader_cache", {st_mode=S_IFDIR|0755, st_size=0, ...}) = 0
13366 openat(AT_FDCWD, "/root/.cache/mesa_shader_cache/index", O_RDWR|O_CREAT|O_CLOEXEC, 0644) = 4
13366 fstat(4, {st_mode=S_IFREG|0644, st_size=1310728, ...}) = 0
13366 mmap(NULL, 1310728, PROT_READ|PROT_WRITE, MAP_SHARED, 4, 0) = 0x7efdacb88000
13366 close(4)                          = 0
13366 rt_sigprocmask(SIG_SETMASK, ~[RTMIN RT_1], [], 8) = 0
13366 mmap(NULL, 8392704, PROT_NONE, MAP_PRIVATE|MAP_ANONYMOUS|MAP_STACK, -1, 0) = 0x7efdac387000
13366 mprotect(0x7efdac388000, 8388608, PROT_READ|PROT_WRITE) = 0
13366 clone(child_stack=0x7efdacb86fb0, flags=CLONE_VM|CLONE_FS|CLONE_FILES|CLONE_SIGHAND|CLONE_THREAD|CLONE_SYSVSEM|CLONE_SETTLS|CLONE_PARENT_SETTID|CLONE_CHILD_CLEARTID, parent_tidptr=0x7efdacb879d0, tls=0x7efdacb87700, child_tidptr=0x7efdacb879d0) = 13368
13366 rt_sigprocmask(SIG_SETMASK, [], NULL, 8) = 0
13368 set_robust_list(0x7efdacb879e0, 24 <unfinished ...>
13366 sched_setscheduler(13368, SCHED_IDLE, [0]) = 0
13368 <... set_robust_list resumed>)    = 0
13366 futex(0x7efdade11de0, FUTEX_WAKE_PRIVATE, 2147483647) = 0
13368 mmap(NULL, 134217728, PROT_NONE, MAP_PRIVATE|MAP_ANONYMOUS|MAP_NORESERVE, -1, 0 <unfinished ...>
13366 openat(AT_FDCWD, "/dev/urandom", O_RDONLY <unfinished ...>
13368 <... mmap resumed>)               = 0x7efda4387000
13366 <... openat resumed>)             = 4
13368 munmap(0x7efda4387000, 63410176 <unfinished ...>
13366 read(4,  <unfinished ...>
13368 <... munmap resumed>)             = 0
13366 <... read resumed>"9\211\202\360\301\334\305\26\377@\361\177\222?xR", 16) = 16
13368 munmap(0x7efdac000000, 3698688 <unfinished ...>
13366 close(4 <unfinished ...>
13368 <... munmap resumed>)             = 0
13366 <... close resumed>)              = 0
13368 mprotect(0x7efda8000000, 135168, PROT_READ|PROT_WRITE <unfinished ...>
13366 openat(AT_FDCWD, "/etc/xdg/vulkan/implicit_layer.d", O_RDONLY|O_NONBLOCK|O_CLOEXEC|O_DIRECTORY <unfinished ...>
13368 <... mprotect resumed>)           = 0
13366 <... openat resumed>)             = -1 ENOENT (No such file or directory)
13366 openat(AT_FDCWD, "/etc/vulkan/implicit_layer.d", O_RDONLY|O_NONBLOCK|O_CLOEXEC|O_DIRECTORY <unfinished ...>
13368 sched_setaffinity(13368, 128, [0, 1, 2, 3, 4, 5, 6, 7, 8, 9, 10, 11, 12, 13, 14, 15, 16, 17, 18, 19, 20, 21, 22, 23, 24, 25, 26, 27, 28, 29, 30, 31, 32, 33, 34, 35, 36, 37, 38, 39, 40, 41, 42, 43, 44, 45, 46, 47, 48, 49, 50, 51, 52, 53, 54, 55, 56, 57, 58, 59, 60, 61, 62, 63, 64, 65, 66, 67, 68, 69, 70, 71, 72, 73, 74, 75, 76, 77, 78, 79, 80, 81, 82, 83, 84, 85, 86, 87, 88, 89, 90, 91, 92, 93, 94, 95, 96, 97, 98, 99, 100, 101, 102, 103, 104, 105, 106, 107, 108, 109, 110, 111, 112, 113, 114, 115, 116, 117, 118, 119, 120, 121, 122, 123, 124, 125, 126, 127, 128, 129, 130, 131, 132, 133, 134, 135, 136, 137, 138, 139, 140, 141, 142, 143, 144, 145, 146, 147, 148, 149, 150, 151, 152, 153, 154, 155, 156, 157, 158, 159, 160, 161, 162, 163, 164, 165, 166, 167, 168, 169, 170, 171, 172, 173, 174, 175, 176, 177, 178, 179, 180, 181, 182, 183, 184, 185, 186, 187, 188, 189, 190, 191, 192, 193, 194, 195, 196, 197, 198, 199, 200, 201, 202, 203, 204, 205, 206, 207, 208, 209, 210, 211, 212, 213, 214, 215, 216, 217, 218, 219, 220, 221, 222, 223, 224, 225, 226, 227, 228, 229, 230, 231, 232, 233, 234, 235, 236, 237, 238, 239, 240, 241, 242, 243, 244, 245, 246, 247, 248, 249, 250, 251, 252, 253, 254, 255, 256, 257, 258, 259, 260, 261, 262, 263, 264, 265, 266, 267, 268, 269, 270, 271, 272, 273, 274, 275, 276, 277, 278, 279, 280, 281, 282, 283, 284, 285, 286, 287, 288, 289, 290, 291, 292, 293, 294, 295, 296, 297, 298, 299, 300, 301, 302, 303, 304, 305, 306, 307, 308, 309, 310, 311, 312, 313, 314, 315, 316, 317, 318, 319, 320, 321, 322, 323, 324, 325, 326, 327, 328, 329, 330, 331, 332, 333, 334, 335, 336, 337, 338, 339, 340, 341, 342, 343, 344, 345, 346, 347, 348, 349, 350, 351, 352, 353, 354, 355, 356, 357, 358, 359, 360, 361, 362, 363, 364, 365, 366, 367, 368, 369, 370, 371, 372, 373, 374, 375, 376, 377, 378, 379, 380, 381, 382, 383, 384, 385, 386, 387, 388, 389, 390, 391, 392, 393, 394, 395, 396, 397, 398, 399, 400, 401, 402, 403, 404, 405, 406, 407, 408, 409, 410, 411, 412, 413, 414, 415, 416, 417, 418, 419, 420, 421, 422, 423, 424, 425, 426, 427, 428, 429, 430, 431, 432, 433, 434, 435, 436, 437, 438, 439, 440, 441, 442, 443, 444, 445, 446, 447, 448, 449, 450, 451, 452, 453, 454, 455, 456, 457, 458, 459, 460, 461, 462, 463, 464, 465, 466, 467, 468, 469, 470, 471, 472, 473, 474, 475, 476, 477, 478, 479, 480, 481, 482, 483, 484, 485, 486, 487, 488, 489, 490, 491, 492, 493, 494, 495, 496, 497, 498, 499, 500, 501, 502, 503, 504, 505, 506, 507, 508, 509, 510, 511, 512, 513, 514, 515, 516, 517, 518, 519, 520, 521, 522, 523, 524, 525, 526, 527, 528, 529, 530, 531, 532, 533, 534, 535, 536, 537, 538, 539, 540, 541, 542, 543, 544, 545, 546, 547, 548, 549, 550, 551, 552, 553, 554, 555, 556, 557, 558, 559, 560, 561, 562, 563, 564, 565, 566, 567, 568, 569, 570, 571, 572, 573, 574, 575, 576, 577, 578, 579, 580, 581, 582, 583, 584, 585, 586, 587, 588, 589, 590, 591, 592, 593, 594, 595, 596, 597, 598, 599, 600, 601, 602, 603, 604, 605, 606, 607, 608, 609, 610, 611, 612, 613, 614, 615, 616, 617, 618, 619, 620, 621, 622, 623, 624, 625, 626, 627, 628, 629, 630, 631, 632, 633, 634, 635, 636, 637, 638, 639, 640, 641, 642, 643, 644, 645, 646, 647, 648, 649, 650, 651, 652, 653, 654, 655, 656, 657, 658, 659, 660, 661, 662, 663, 664, 665, 666, 667, 668, 669, 670, 671, 672, 673, 674, 675, 676, 677, 678, 679, 680, 681, 682, 683, 684, 685, 686, 687, 688, 689, 690, 691, 692, 693, 694, 695, 696, 697, 698, 699, 700, 701, 702, 703, 704, 705, 706, 707, 708, 709, 710, 711, 712, 713, 714, 715, 716, 717, 718, 719, 720, 721, 722, 723, 724, 725, 726, 727, 728, 729, 730, 731, 732, 733, 734, 735, 736, 737, 738, 739, 740, 741, 742, 743, 744, 745, 746, 747, 748, 749, 750, 751, 752, 753, 754, 755, 756, 757, 758, 759, 760, 761, 762, 763, 764, 765, 766, 767, 768, 769, 770, 771, 772, 773, 774, 775, 776, 777, 778, 779, 780, 781, 782, 783, 784, 785, 786, 787, 788, 789, 790, 791, 792, 793, 794, 795, 796, 797, 798, 799, 800, 801, 802, 803, 804, 805, 806, 807, 808, 809, 810, 811, 812, 813, 814, 815, 816, 817, 818, 819, 820, 821, 822, 823, 824, 825, 826, 827, 828, 829, 830, 831, 832, 833, 834, 835, 836, 837, 838, 839, 840, 841, 842, 843, 844, 845, 846, 847, 848, 849, 850, 851, 852, 853, 854, 855, 856, 857, 858, 859, 860, 861, 862, 863, 864, 865, 866, 867, 868, 869, 870, 871, 872, 873, 874, 875, 876, 877, 878, 879, 880, 881, 882, 883, 884, 885, 886, 887, 888, 889, 890, 891, 892, 893, 894, 895, 896, 897, 898, 899, 900, 901, 902, 903, 904, 905, 906, 907, 908, 909, 910, 911, 912, 913, 914, 915, 916, 917, 918, 919, 920, 921, 922, 923, 924, 925, 926, 927, 928, 929, 930, 931, 932, 933, 934, 935, 936, 937, 938, 939, 940, 941, 942, 943, 944, 945, 946, 947, 948, 949, 950, 951, 952, 953, 954, 955, 956, 957, 958, 959, 960, 961, 962, 963, 964, 965, 966, 967, 968, 969, 970, 971, 972, 973, 974, 975, 976, 977, 978, 979, 980, 981, 982, 983, 984, 985, 986, 987, 988, 989, 990, 991, 992, 993, 994, 995, 996, 997, 998, 999, 1000, 1001, 1002, 1003, 1004, 1005, 1006, 1007, 1008, 1009, 1010, 1011, 1012, 1013, 1014, 1015, 1016, 1017, 1018, 1019, 1020, 1021, 1022, 1023] <unfinished ...>
13366 <... openat resumed>)             = -1 ENOENT (No such file or directory)
13368 <... sched_setaffinity resumed>)  = 0
13366 openat(AT_FDCWD, "/usr/local/share/vulkan/implicit_layer.d", O_RDONLY|O_NONBLOCK|O_CLOEXEC|O_DIRECTORY <unfinished ...>
13368 prctl(PR_SET_NAME, "ds:disk$0" <unfinished ...>
13366 <... openat resumed>)             = -1 ENOENT (No such file or directory)
13368 <... prctl resumed>)              = 0
13366 openat(AT_FDCWD, "/usr/share/vulkan/implicit_layer.d", O_RDONLY|O_NONBLOCK|O_CLOEXEC|O_DIRECTORY <unfinished ...>
13368 futex(0x562172c39008, FUTEX_WAIT_PRIVATE, 0, NULL <unfinished ...>
13366 <... openat resumed>)             = -1 ENOENT (No such file or directory)
13366 openat(AT_FDCWD, "/root/.local/share/vulkan/implicit_layer.d", O_RDONLY|O_NONBLOCK|O_CLOEXEC|O_DIRECTORY) = -1 ENOENT (No such file or directory)
13366 geteuid()                         = 0
13366 getuid()                          = 0
13366 getegid()                         = 0
13366 getgid()                          = 0
13366 openat(AT_FDCWD, "/etc/xdg/vulkan/explicit_layer.d", O_RDONLY|O_NONBLOCK|O_CLOEXEC|O_DIRECTORY) = -1 ENOENT (No such file or directory)
13366 openat(AT_FDCWD, "/etc/vulkan/explicit_layer.d", O_RDONLY|O_NONBLOCK|O_CLOEXEC|O_DIRECTORY) = 4
13366 fstat(4, {st_mode=S_IFDIR|0755, st_size=4096, ...}) = 0
13366 brk(0x562172c69000)               = 0x562172c69000
13366 getdents64(4, /* 7 entries */, 32768) = 288
13366 access("/etc/vulkan/explicit_layer.d/.", F_OK) = 0
13366 access("/etc/vulkan/explicit_layer.d/VkLayer_device_simulation.json", F_OK) = 0
13366 access("/etc/vulkan/explicit_layer.d/VkLayer_screenshot.json", F_OK) = 0
13366 access("/etc/vulkan/explicit_layer.d/VkLayer_vktrace_layer.json", F_OK) = 0
13366 access("/etc/vulkan/explicit_layer.d/..", F_OK) = 0
13366 access("/etc/vulkan/explicit_layer.d/VkLayer_api_dump.json", F_OK) = 0
13366 access("/etc/vulkan/explicit_layer.d/VkLayer_monitor.json", F_OK) = 0
13366 getdents64(4, /* 0 entries */, 32768) = 0
13366 close(4)                          = 0
13366 openat(AT_FDCWD, "/usr/local/share/vulkan/explicit_layer.d", O_RDONLY|O_NONBLOCK|O_CLOEXEC|O_DIRECTORY) = -1 ENOENT (No such file or directory)
13366 openat(AT_FDCWD, "/usr/share/vulkan/explicit_layer.d", O_RDONLY|O_NONBLOCK|O_CLOEXEC|O_DIRECTORY) = 4
13366 fstat(4, {st_mode=S_IFDIR|0755, st_size=4096, ...}) = 0
13366 getdents64(4, /* 9 entries */, 32768) = 416
13366 access("/usr/share/vulkan/explicit_layer.d/.", F_OK) = 0
13366 access("/usr/share/vulkan/explicit_layer.d/VkLayer_stateless_validation.json", F_OK) = 0
13366 access("/usr/share/vulkan/explicit_layer.d/VkLayer_khronos_validation.json", F_OK) = 0
13366 access("/usr/share/vulkan/explicit_layer.d/VkLayer_core_validation.json", F_OK) = 0
13366 access("/usr/share/vulkan/explicit_layer.d/..", F_OK) = 0
13366 access("/usr/share/vulkan/explicit_layer.d/VkLayer_unique_objects.json", F_OK) = 0
13366 access("/usr/share/vulkan/explicit_layer.d/VkLayer_thread_safety.json", F_OK) = 0
13366 access("/usr/share/vulkan/explicit_layer.d/VkLayer_standard_validation.json", F_OK) = 0
13366 access("/usr/share/vulkan/explicit_layer.d/VkLayer_object_lifetimes.json", F_OK) = 0
13366 getdents64(4, /* 0 entries */, 32768) = 0
13366 close(4)                          = 0
13366 openat(AT_FDCWD, "/root/.local/share/vulkan/explicit_layer.d", O_RDONLY|O_NONBLOCK|O_CLOEXEC|O_DIRECTORY) = -1 ENOENT (No such file or directory)
13366 openat(AT_FDCWD, "/etc/vulkan/explicit_layer.d/VkLayer_device_simulation.json", O_RDONLY) = 4
13366 fstat(4, {st_mode=S_IFREG|0644, st_size=333, ...}) = 0
13366 fstat(4, {st_mode=S_IFREG|0644, st_size=333, ...}) = 0
13366 lseek(4, 0, SEEK_SET)             = 0
13366 read(4, "{\n    \"file_format_version\" : \"1"..., 333) = 333
13366 lseek(4, 333, SEEK_SET)           = 333
13366 close(4)                          = 0
13366 mmap(NULL, 765952, PROT_READ|PROT_WRITE, MAP_PRIVATE|MAP_ANONYMOUS, -1, 0) = 0x7efdac2cc000
13366 openat(AT_FDCWD, "/etc/vulkan/explicit_layer.d/VkLayer_screenshot.json", O_RDONLY) = 4
13366 fstat(4, {st_mode=S_IFREG|0644, st_size=311, ...}) = 0
13366 fstat(4, {st_mode=S_IFREG|0644, st_size=311, ...}) = 0
13366 lseek(4, 0, SEEK_SET)             = 0
13366 read(4, "{\n    \"file_format_version\" : \"1"..., 311) = 311
13366 lseek(4, 311, SEEK_SET)           = 311
13366 close(4)                          = 0
13366 openat(AT_FDCWD, "/etc/vulkan/explicit_layer.d/VkLayer_vktrace_layer.json", O_RDONLY) = 4
13366 fstat(4, {st_mode=S_IFREG|0644, st_size=502, ...}) = 0
13366 fstat(4, {st_mode=S_IFREG|0644, st_size=502, ...}) = 0
13366 lseek(4, 0, SEEK_SET)             = 0
13366 read(4, "{\n    \"file_format_version\" : \"1"..., 502) = 502
13366 lseek(4, 502, SEEK_SET)           = 502
13366 close(4)                          = 0
13366 openat(AT_FDCWD, "/etc/vulkan/explicit_layer.d/VkLayer_api_dump.json", O_RDONLY) = 4
13366 fstat(4, {st_mode=S_IFREG|0644, st_size=299, ...}) = 0
13366 fstat(4, {st_mode=S_IFREG|0644, st_size=299, ...}) = 0
13366 lseek(4, 0, SEEK_SET)             = 0
13366 read(4, "{\n    \"file_format_version\" : \"1"..., 299) = 299
13366 lseek(4, 299, SEEK_SET)           = 299
13366 close(4)                          = 0
13366 openat(AT_FDCWD, "/etc/vulkan/explicit_layer.d/VkLayer_monitor.json", O_RDONLY) = 4
13366 fstat(4, {st_mode=S_IFREG|0644, st_size=305, ...}) = 0
13366 fstat(4, {st_mode=S_IFREG|0644, st_size=305, ...}) = 0
13366 lseek(4, 0, SEEK_SET)             = 0
13366 read(4, "{\n    \"file_format_version\" : \"1"..., 305) = 305
13366 lseek(4, 305, SEEK_SET)           = 305
13366 close(4)                          = 0
13366 openat(AT_FDCWD, "/usr/share/vulkan/explicit_layer.d/VkLayer_stateless_validation.json", O_RDONLY) = 4
13366 fstat(4, {st_mode=S_IFREG|0644, st_size=949, ...}) = 0
13366 fstat(4, {st_mode=S_IFREG|0644, st_size=949, ...}) = 0
13366 lseek(4, 0, SEEK_SET)             = 0
13366 read(4, "{\n    \"file_format_version\" : \"1"..., 949) = 949
13366 lseek(4, 949, SEEK_SET)           = 949
13366 close(4)                          = 0
13366 openat(AT_FDCWD, "/usr/share/vulkan/explicit_layer.d/VkLayer_khronos_validation.json", O_RDONLY) = 4
13366 fstat(4, {st_mode=S_IFREG|0644, st_size=1314, ...}) = 0
13366 fstat(4, {st_mode=S_IFREG|0644, st_size=1314, ...}) = 0
13366 lseek(4, 0, SEEK_SET)             = 0
13366 read(4, "{\n    \"file_format_version\" : \"1"..., 1314) = 1314
13366 lseek(4, 1314, SEEK_SET)          = 1314
13366 close(4)                          = 0
13366 openat(AT_FDCWD, "/usr/share/vulkan/explicit_layer.d/VkLayer_core_validation.json", O_RDONLY) = 4
13366 fstat(4, {st_mode=S_IFREG|0644, st_size=1315, ...}) = 0
13366 fstat(4, {st_mode=S_IFREG|0644, st_size=1315, ...}) = 0
13366 lseek(4, 0, SEEK_SET)             = 0
13366 read(4, "{\n    \"file_format_version\" : \"1"..., 1315) = 1315
13366 lseek(4, 1315, SEEK_SET)          = 1315
13366 close(4)                          = 0
13366 openat(AT_FDCWD, "/usr/share/vulkan/explicit_layer.d/VkLayer_unique_objects.json", O_RDONLY) = 4
13366 fstat(4, {st_mode=S_IFREG|0644, st_size=317, ...}) = 0
13366 fstat(4, {st_mode=S_IFREG|0644, st_size=317, ...}) = 0
13366 lseek(4, 0, SEEK_SET)             = 0
13366 read(4, "{\n    \"file_format_version\" : \"1"..., 317) = 317
13366 lseek(4, 317, SEEK_SET)           = 317
13366 close(4)                          = 0
13366 openat(AT_FDCWD, "/usr/share/vulkan/explicit_layer.d/VkLayer_thread_safety.json", O_RDONLY) = 4
13366 fstat(4, {st_mode=S_IFREG|0644, st_size=471, ...}) = 0
13366 fstat(4, {st_mode=S_IFREG|0644, st_size=471, ...}) = 0
13366 lseek(4, 0, SEEK_SET)             = 0
13366 read(4, "{\n    \"file_format_version\" : \"1"..., 471) = 471
13366 lseek(4, 471, SEEK_SET)           = 471
13366 close(4)                          = 0
13366 openat(AT_FDCWD, "/usr/share/vulkan/explicit_layer.d/VkLayer_standard_validation.json", O_RDONLY) = 4
13366 fstat(4, {st_mode=S_IFREG|0644, st_size=350, ...}) = 0
13366 fstat(4, {st_mode=S_IFREG|0644, st_size=350, ...}) = 0
13366 lseek(4, 0, SEEK_SET)             = 0
13366 read(4, "{\n    \"file_format_version\": \"1."..., 350) = 350
13366 lseek(4, 350, SEEK_SET)           = 350
13366 close(4)                          = 0
13366 openat(AT_FDCWD, "/usr/share/vulkan/explicit_layer.d/VkLayer_object_lifetimes.json", O_RDONLY) = 4
13366 fstat(4, {st_mode=S_IFREG|0644, st_size=939, ...}) = 0
13366 fstat(4, {st_mode=S_IFREG|0644, st_size=939, ...}) = 0
13366 lseek(4, 0, SEEK_SET)             = 0
13366 read(4, "{\n    \"file_format_version\" : \"1"..., 939) = 939
13366 lseek(4, 939, SEEK_SET)           = 939
13366 close(4)                          = 0
13366 geteuid()                         = 0
13366 getuid()                          = 0
13366 getegid()                         = 0
13366 getgid()                          = 0
13366 openat(AT_FDCWD, "/etc/xdg/vulkan/icd.d", O_RDONLY|O_NONBLOCK|O_CLOEXEC|O_DIRECTORY) = -1 ENOENT (No such file or directory)
13366 openat(AT_FDCWD, "/etc/vulkan/icd.d", O_RDONLY|O_NONBLOCK|O_CLOEXEC|O_DIRECTORY) = -1 ENOENT (No such file or directory)
13366 openat(AT_FDCWD, "/usr/local/share/vulkan/icd.d", O_RDONLY|O_NONBLOCK|O_CLOEXEC|O_DIRECTORY) = -1 ENOENT (No such file or directory)
13366 openat(AT_FDCWD, "/usr/share/vulkan/icd.d", O_RDONLY|O_NONBLOCK|O_CLOEXEC|O_DIRECTORY) = 4
13366 fstat(4, {st_mode=S_IFDIR|0755, st_size=4096, ...}) = 0
13366 getdents64(4, /* 3 entries */, 32768) = 96
13366 access("/usr/share/vulkan/icd.d/.", F_OK) = 0
13366 access("/usr/share/vulkan/icd.d/intel_icd.x86_64.json", F_OK) = 0
13366 access("/usr/share/vulkan/icd.d/..", F_OK) = 0
13366 getdents64(4, /* 0 entries */, 32768) = 0
13366 close(4)                          = 0
13366 openat(AT_FDCWD, "/root/.local/share/vulkan/icd.d", O_RDONLY|O_NONBLOCK|O_CLOEXEC|O_DIRECTORY) = -1 ENOENT (No such file or directory)
13366 openat(AT_FDCWD, "/usr/share/vulkan/icd.d/intel_icd.x86_64.json", O_RDONLY) = 4
13366 fstat(4, {st_mode=S_IFREG|0644, st_size=145, ...}) = 0
13366 fstat(4, {st_mode=S_IFREG|0644, st_size=145, ...}) = 0
13366 lseek(4, 0, SEEK_SET)             = 0
13366 read(4, "{\n    \"ICD\": {\n        \"api_vers"..., 145) = 145
13366 lseek(4, 145, SEEK_SET)           = 145
13366 close(4)                          = 0
13366 openat(AT_FDCWD, "/usr/lib/libvulkan_intel.so", O_RDONLY|O_CLOEXEC) = 4
13366 read(4, "\177ELF\2\1\1\0\0\0\0\0\0\0\0\0\3\0>\0\1\0\0\0 \20\4\0\0\0\0\0"..., 832) = 832
13366 fstat(4, {st_mode=S_IFREG|0755, st_size=4032736, ...}) = 0
13366 mmap(NULL, 4048656, PROT_READ, MAP_PRIVATE|MAP_DENYWRITE, 4, 0) = 0x7efda7c23000
13366 mprotect(0x7efda7c64000, 3457024, PROT_NONE) = 0
13366 mmap(0x7efda7c64000, 2859008, PROT_READ|PROT_EXEC, MAP_PRIVATE|MAP_FIXED|MAP_DENYWRITE, 4, 0x41000) = 0x7efda7c64000
13366 mmap(0x7efda7f1e000, 593920, PROT_READ, MAP_PRIVATE|MAP_FIXED|MAP_DENYWRITE, 4, 0x2fb000) = 0x7efda7f1e000
13366 mmap(0x7efda7fb0000, 315392, PROT_READ|PROT_WRITE, MAP_PRIVATE|MAP_FIXED|MAP_DENYWRITE, 4, 0x38c000) = 0x7efda7fb0000
13366 mmap(0x7efda7ffd000, 10000, PROT_READ|PROT_WRITE, MAP_PRIVATE|MAP_FIXED|MAP_ANONYMOUS, -1, 0) = 0x7efda7ffd000
13366 close(4)                          = 0
13366 openat(AT_FDCWD, "/etc/ld.so.cache", O_RDONLY|O_CLOEXEC) = 4
13366 fstat(4, {st_mode=S_IFREG|0644, st_size=354310, ...}) = 0
13366 mmap(NULL, 354310, PROT_READ, MAP_PRIVATE, 4, 0) = 0x7efdad325000
13366 close(4)                          = 0
13366 openat(AT_FDCWD, "/usr/lib/libxcb-dri3.so.0", O_RDONLY|O_CLOEXEC) = 4
13366 read(4, "\177ELF\2\1\1\0\0\0\0\0\0\0\0\0\3\0>\0\1\0\0\0  \0\0\0\0\0\0"..., 832) = 832
13366 fstat(4, {st_mode=S_IFREG|0755, st_size=18136, ...}) = 0
13366 mmap(NULL, 20520, PROT_READ, MAP_PRIVATE|MAP_DENYWRITE, 4, 0) = 0x7efdae579000
13366 mmap(0x7efdae57b000, 4096, PROT_READ|PROT_EXEC, MAP_PRIVATE|MAP_FIXED|MAP_DENYWRITE, 4, 0x2000) = 0x7efdae57b000
13366 mmap(0x7efdae57c000, 4096, PROT_READ, MAP_PRIVATE|MAP_FIXED|MAP_DENYWRITE, 4, 0x3000) = 0x7efdae57c000
13366 mmap(0x7efdae57d000, 8192, PROT_READ|PROT_WRITE, MAP_PRIVATE|MAP_FIXED|MAP_DENYWRITE, 4, 0x3000) = 0x7efdae57d000
13366 close(4)                          = 0
13366 openat(AT_FDCWD, "/usr/lib/libwayland-client.so.0", O_RDONLY|O_CLOEXEC) = 4
13366 read(4, "\177ELF\2\1\1\0\0\0\0\0\0\0\0\0\3\0>\0\1\0\0\0 P\0\0\0\0\0\0"..., 832) = 832
13366 fstat(4, {st_mode=S_IFREG|0755, st_size=59864, ...}) = 0
13366 mmap(NULL, 62248, PROT_READ, MAP_PRIVATE|MAP_DENYWRITE, 4, 0) = 0x7efdac2bc000
13366 mmap(0x7efdac2c1000, 20480, PROT_READ|PROT_EXEC, MAP_PRIVATE|MAP_FIXED|MAP_DENYWRITE, 4, 0x5000) = 0x7efdac2c1000
13366 mmap(0x7efdac2c6000, 12288, PROT_READ, MAP_PRIVATE|MAP_FIXED|MAP_DENYWRITE, 4, 0xa000) = 0x7efdac2c6000
13366 mmap(0x7efdac2c9000, 12288, PROT_READ|PROT_WRITE, MAP_PRIVATE|MAP_FIXED|MAP_DENYWRITE, 4, 0xc000) = 0x7efdac2c9000
13366 close(4)                          = 0
13366 openat(AT_FDCWD, "/usr/lib/libxcb-randr.so.0", O_RDONLY|O_CLOEXEC) = 4
13366 read(4, "\177ELF\2\1\1\0\0\0\0\0\0\0\0\0\3\0>\0\1\0\0\0 p\0\0\0\0\0\0"..., 832) = 832
13366 fstat(4, {st_mode=S_IFREG|0755, st_size=67288, ...}) = 0
13366 mmap(NULL, 69672, PROT_READ, MAP_PRIVATE|MAP_DENYWRITE, 4, 0) = 0x7efdac2aa000
13366 mprotect(0x7efdac2b1000, 36864, PROT_NONE) = 0
13366 mmap(0x7efdac2b1000, 20480, PROT_READ|PROT_EXEC, MAP_PRIVATE|MAP_FIXED|MAP_DENYWRITE, 4, 0x7000) = 0x7efdac2b1000
13366 mmap(0x7efdac2b6000, 12288, PROT_READ, MAP_PRIVATE|MAP_FIXED|MAP_DENYWRITE, 4, 0xc000) = 0x7efdac2b6000
13366 mmap(0x7efdac2ba000, 8192, PROT_READ|PROT_WRITE, MAP_PRIVATE|MAP_FIXED|MAP_DENYWRITE, 4, 0xf000) = 0x7efdac2ba000
13366 close(4)                          = 0
13366 openat(AT_FDCWD, "/usr/lib/libX11-xcb.so.1", O_RDONLY|O_CLOEXEC) = 4
13366 read(4, "\177ELF\2\1\1\0\0\0\0\0\0\0\0\0\3\0>\0\1\0\0\0 \20\0\0\0\0\0\0"..., 832) = 832
13366 fstat(4, {st_mode=S_IFREG|0755, st_size=13864, ...}) = 0
13366 mmap(NULL, 16400, PROT_READ, MAP_PRIVATE|MAP_DENYWRITE, 4, 0) = 0x7efdae574000
13366 mmap(0x7efdae575000, 4096, PROT_READ|PROT_EXEC, MAP_PRIVATE|MAP_FIXED|MAP_DENYWRITE, 4, 0x1000) = 0x7efdae575000
13366 mmap(0x7efdae576000, 4096, PROT_READ, MAP_PRIVATE|MAP_FIXED|MAP_DENYWRITE, 4, 0x2000) = 0x7efdae576000
13366 mmap(0x7efdae577000, 8192, PROT_READ|PROT_WRITE, MAP_PRIVATE|MAP_FIXED|MAP_DENYWRITE, 4, 0x2000) = 0x7efdae577000
13366 close(4)                          = 0
13366 openat(AT_FDCWD, "/usr/lib/libxcb-present.so.0", O_RDONLY|O_CLOEXEC) = 4
13366 read(4, "\177ELF\2\1\1\0\0\0\0\0\0\0\0\0\3\0>\0\1\0\0\0 \20\0\0\0\0\0\0"..., 832) = 832
13366 fstat(4, {st_mode=S_IFREG|0755, st_size=14040, ...}) = 0
13366 mmap(NULL, 16424, PROT_READ, MAP_PRIVATE|MAP_DENYWRITE, 4, 0) = 0x7efdac2a5000
13366 mmap(0x7efdac2a6000, 4096, PROT_READ|PROT_EXEC, MAP_PRIVATE|MAP_FIXED|MAP_DENYWRITE, 4, 0x1000) = 0x7efdac2a6000
13366 mmap(0x7efdac2a7000, 4096, PROT_READ, MAP_PRIVATE|MAP_FIXED|MAP_DENYWRITE, 4, 0x2000) = 0x7efdac2a7000
13366 mmap(0x7efdac2a8000, 8192, PROT_READ|PROT_WRITE, MAP_PRIVATE|MAP_FIXED|MAP_DENYWRITE, 4, 0x2000) = 0x7efdac2a8000
13366 close(4)                          = 0
13366 openat(AT_FDCWD, "/usr/lib/libxcb-sync.so.1", O_RDONLY|O_CLOEXEC) = 4
13366 read(4, "\177ELF\2\1\1\0\0\0\0\0\0\0\0\0\3\0>\0\1\0\0\0 0\0\0\0\0\0\0"..., 832) = 832
13366 fstat(4, {st_mode=S_IFREG|0755, st_size=34520, ...}) = 0
13366 mmap(NULL, 36904, PROT_READ, MAP_PRIVATE|MAP_DENYWRITE, 4, 0) = 0x7efdac29b000
13366 mprotect(0x7efdac29e000, 20480, PROT_NONE) = 0
13366 mmap(0x7efdac29e000, 12288, PROT_READ|PROT_EXEC, MAP_PRIVATE|MAP_FIXED|MAP_DENYWRITE, 4, 0x3000) = 0x7efdac29e000
13366 mmap(0x7efdac2a1000, 4096, PROT_READ, MAP_PRIVATE|MAP_FIXED|MAP_DENYWRITE, 4, 0x6000) = 0x7efdac2a1000
13366 mmap(0x7efdac2a3000, 8192, PROT_READ|PROT_WRITE, MAP_PRIVATE|MAP_FIXED|MAP_DENYWRITE, 4, 0x7000) = 0x7efdac2a3000
13366 close(4)                          = 0
13366 openat(AT_FDCWD, "/usr/lib/libxshmfence.so.1", O_RDONLY|O_CLOEXEC) = 4
13366 read(4, "\177ELF\2\1\1\0\0\0\0\0\0\0\0\0\3\0>\0\1\0\0\0\200\10\0\0\0\0\0\0"..., 832) = 832
13366 fstat(4, {st_mode=S_IFREG|0755, st_size=7008, ...}) = 0
13366 mmap(NULL, 2101264, PROT_READ|PROT_EXEC, MAP_PRIVATE|MAP_DENYWRITE, 4, 0) = 0x7efdac099000
13366 mprotect(0x7efdac09a000, 2093056, PROT_NONE) = 0
13366 mmap(0x7efdac299000, 8192, PROT_READ|PROT_WRITE, MAP_PRIVATE|MAP_FIXED|MAP_DENYWRITE, 4, 0) = 0x7efdac299000
13366 close(4)                          = 0
13366 mprotect(0x7efdac299000, 4096, PROT_READ) = 0
13366 mprotect(0x7efdac2a3000, 4096, PROT_READ) = 0
13366 mprotect(0x7efdac2a8000, 4096, PROT_READ) = 0
13366 mprotect(0x7efdae577000, 4096, PROT_READ) = 0
13366 mprotect(0x7efdac2ba000, 4096, PROT_READ) = 0
13366 mprotect(0x7efdac2c9000, 8192, PROT_READ) = 0
13366 mprotect(0x7efdae57d000, 4096, PROT_READ) = 0
13366 mprotect(0x7efda7fb0000, 311296, PROT_READ) = 0
13366 munmap(0x7efdad325000, 354310)    = 0
13366 mmap(NULL, 385024, PROT_READ|PROT_WRITE, MAP_PRIVATE|MAP_ANONYMOUS, -1, 0) = 0x7efdac03b000
13366 mmap(NULL, 385024, PROT_READ|PROT_WRITE, MAP_PRIVATE|MAP_ANONYMOUS, -1, 0) = 0x7efda7bc5000
13366 munmap(0x7efdac03b000, 385024)    = 0
13366 munmap(0x7efda7bc5000, 385024)    = 0
13366 brk(0x562172ce4000)               = 0x562172ce4000
13366 brk(0x562172d42000)               = 0x562172d42000
13366 getpid()                          = 13366
13366 --- SIGSEGV {si_signo=SIGSEGV, si_code=SEGV_MAPERR, si_addr=NULL} ---
13368 <... futex resumed>)              = ?
13368 +++ killed by SIGSEGV +++
13366 +++ killed by SIGSEGV +++
13367 <... read resumed>"\373\246\355\\\0\0\0\0m3\4\0\0\0\0\0\4\0\4\0Z\0\0\0\373\246\355\\\0\0\0\0"..., 72) = 72
13367 read(3, "\373\246\355\\\0\0\0\0C\277\5\0\0\0\0\0\4\0\4\0Z\0\0\0\373\246\355\\\0\0\0\0"..., 72) = 72
13367 read(3, "\373\246\355\\\0\0\0\0Y\335\6\0\0\0\0\0\4\0\4\0Z\0\0\0\373\246\355\\\0\0\0\0"..., 72) = 72
13367 read(3, "\373\246\355\\\0\0\0\0\343\206\10\0\0\0\0\0\4\0\4\0Z\0\0\0\373\246\355\\\0\0\0\0"..., 72) = 72
13367 read(3, "\373\246\355\\\0\0\0\0\3250\16\0\0\0\0\0\4\0\4\0Z\0\0\0\373\246\355\\\0\0\0\0"..., 72) = 72
13367 read(3, "\373\246\355\\\0\0\0\0\\\321\16\0\0\0\0\0\4\0\4\0Z\0\0\0\373\246\355\\\0\0\0\0"..., 72) = 72
13367 read(3, "\374\246\355\\\0\0\0\0wH\16\0\0\0\0\0\4\0\4\0Z\0\0\0\374\246\355\\\0\0\0\0"..., 72) = 72
13367 read(3, "\374\246\355\\\0\0\0\0\361\10\17\0\0\0\0\0\4\0\4\0Z\0\0\0\374\246\355\\\0\0\0\0"..., 72) = 72
13367 read(3, "\375\246\355\\\0\0\0\0\3\302\4\0\0\0\0\0\4\0\4\0Z\0\0\0\375\246\355\\\0\0\0\0"..., 72) = 72
13367 read(3, "\375\246\355\\\0\0\0\0\347\241\5\0\0\0\0\0\4\0\4\0Z\0\0\0\375\246\355\\\0\0\0\0"..., 72) = 72
13367 read(3, "\375\246\355\\\0\0\0\0\336t\n\0\0\0\0\0\4\0\4\0Z\0\0\0\375\246\355\\\0\0\0\0"..., 72) = 72
13367 read(3, "\375\246\355\\\0\0\0\0f\216\v\0\0\0\0\0\4\0\4\0Z\0\0\0\375\246\355\\\0\0\0\0"..., 72) = 72
13367 read(3, "\375\246\355\\\0\0\0\0\314\242\r\0\0\0\0\0\4\0\4\0Z\0\0\0\375\246\355\\\0\0\0\0"..., 72) = 72
13367 read(3, "\375\246\355\\\0\0\0\0\254\275\16\0\0\0\0\0\4\0\4\0Z\0\0\0\375\246\355\\\0\0\0\0"..., 72) = 72
13367 read(3, "\376\246\355\\\0\0\0\0\223\205\t\0\0\0\0\0\4\0\4\0Z\0\0\0\376\246\355\\\0\0\0\0"..., 72) = 72
13367 read(3, "\376\246\355\\\0\0\0\0fx\n\0\0\0\0\0\4\0\4\0Z\0\0\0\376\246\355\\\0\0\0\0"..., 72) = 72
13367 read(3, "\377\246\355\\\0\0\0\0m\226\1\0\0\0\0\0\4\0\4\0Z\0\0\0\377\246\355\\\0\0\0\0"..., 72) = 72
13367 read(3, "\377\246\355\\\0\0\0\0a8\2\0\0\0\0\0\4\0\4\0Z\0\0\0\377\246\355\\\0\0\0\0"..., 72) = 72
13367 read(3, "\377\246\355\\\0\0\0\0T\246\6\0\0\0\0\0\4\0\4\0Z\0\0\0\377\246\355\\\0\0\0\0"..., 72) = 72
13367 read(3, "\377\246\355\\\0\0\0\0Lr\7\0\0\0\0\0\4\0\4\0Z\0\0\0\377\246\355\\\0\0\0\0"..., 72) = 72
13367 read(3, "\377\246\355\\\0\0\0\0000\336\n\0\0\0\0\0\4\0\4\0Z\0\0\0\377\246\355\\\0\0\0\0"..., 72) = 72
13367 read(3, "\377\246\355\\\0\0\0\0\25\307\v\0\0\0\0\0\4\0\4\0Z\0\0\0\377\246\355\\\0\0\0\0"..., 72) = 72
13367 read(3, "\0\247\355\\\0\0\0\0Y\306\n\0\0\0\0\0\4\0\4\0!\0\0\0\0\247\355\\\0\0\0\0"..., 72) = 72
13367 read(3, "\0\247\355\\\0\0\0\0\305\325\n\0\0\0\0\0\4\0\4\0\24\0\0\0\0\247\355\\\0\0\0\0"..., 72) = 72
13367 read(3, "\0\247\355\\\0\0\0\0\227\242\f\0\0\0\0\0\4\0\4\0\24\0\0\0\0\247\355\\\0\0\0\0"..., 72) = 72
13367 read(3, "\0\247\355\\\0\0\0\0\231\10\r\0\0\0\0\0\4\0\4\0!\0\0\0\0\247\355\\\0\0\0\0"..., 72) = 72
13367 read(3, "\1\247\355\\\0\0\0\0}\310\5\0\0\0\0\0\4\0\4\0\24\0\0\0\1\247\355\\\0\0\0\0"..., 72) = 72
13367 read(3, "\1\247\355\\\0\0\0\0x`\6\0\0\0\0\0\4\0\4\0!\0\0\0\1\247\355\\\0\0\0\0"..., 72) = 72
13367 --- SIGINT {si_signo=SIGINT, si_code=SI_KERNEL} ---
13367 +++ killed by SIGINT +++
